Determining if the function floor exists failed with the following output:
Change Dir: /root/inception.b/CMakeFiles/CMakeTmp

Run Build Command:/usr/bin/gmake "cmTryCompileExec3949234619/fast"
/usr/bin/gmake -f CMakeFiles/cmTryCompileExec3949234619.dir/build.make CMakeFiles/cmTryCompileExec3949234619.dir/build
gmake[1]: Entering directory `/root/inception.b/CMakeFiles/CMakeTmp'
/usr/bin/cmake -E cmake_progress_report /root/inception.b/CMakeFiles/CMakeTmp/CMakeFiles 1
Building C object CMakeFiles/cmTryCompileExec3949234619.dir/CheckFunctionExists.c.o
/usr/bin/cc   -Wall -DCHECK_FUNCTION_EXISTS=floor   -o CMakeFiles/cmTryCompileExec3949234619.dir/CheckFunctionExists.c.o   -c /usr/share/cmake/Modules/CheckFunctionExists.c
<command-line>:0:23: warning: conflicting types for built-in function ‘floor’ [enabled by default]
/usr/share/cmake/Modules/CheckFunctionExists.c:3:6: note: in expansion of macro ‘CHECK_FUNCTION_EXISTS’
 char CHECK_FUNCTION_EXISTS();
      ^
Linking C executable cmTryCompileExec3949234619
/usr/bin/cmake -E cmake_link_script CMakeFiles/cmTryCompileExec3949234619.dir/link.txt --verbose=1
/usr/bin/cc   -Wall -DCHECK_FUNCTION_EXISTS=floor    CMakeFiles/cmTryCompileExec3949234619.dir/CheckFunctionExists.c.o  -o cmTryCompileExec3949234619 -rdynamic 
CMakeFiles/cmTryCompileExec3949234619.dir/CheckFunctionExists.c.o: In function `main':
CheckFunctionExists.c:(.text+0x15): undefined reference to `floor'
collect2: error: ld returned 1 exit status
gmake[1]: *** [cmTryCompileExec3949234619] Error 1
gmake[1]: Leaving directory `/root/inception.b/CMakeFiles/CMakeTmp'
gmake: *** [cmTryCompileExec3949234619/fast] Error 2


Determining if the function crypt exists failed with the following output:
Change Dir: /root/inception.b/CMakeFiles/CMakeTmp

Run Build Command:/usr/bin/gmake "cmTryCompileExec421747938/fast"
/usr/bin/gmake -f CMakeFiles/cmTryCompileExec421747938.dir/build.make CMakeFiles/cmTryCompileExec421747938.dir/build
gmake[1]: Entering directory `/root/inception.b/CMakeFiles/CMakeTmp'
/usr/bin/cmake -E cmake_progress_report /root/inception.b/CMakeFiles/CMakeTmp/CMakeFiles 1
Building C object CMakeFiles/cmTryCompileExec421747938.dir/CheckFunctionExists.c.o
/usr/bin/cc   -Wall -DCHECK_FUNCTION_EXISTS=crypt   -o CMakeFiles/cmTryCompileExec421747938.dir/CheckFunctionExists.c.o   -c /usr/share/cmake/Modules/CheckFunctionExists.c
Linking C executable cmTryCompileExec421747938
/usr/bin/cmake -E cmake_link_script CMakeFiles/cmTryCompileExec421747938.dir/link.txt --verbose=1
/usr/bin/cc   -Wall -DCHECK_FUNCTION_EXISTS=crypt    CMakeFiles/cmTryCompileExec421747938.dir/CheckFunctionExists.c.o  -o cmTryCompileExec421747938 -rdynamic 
CMakeFiles/cmTryCompileExec421747938.dir/CheckFunctionExists.c.o: In function `main':
CheckFunctionExists.c:(.text+0x15): undefined reference to `crypt'
collect2: error: ld returned 1 exit status
gmake[1]: *** [cmTryCompileExec421747938] Error 1
gmake[1]: Leaving directory `/root/inception.b/CMakeFiles/CMakeTmp'
gmake: *** [cmTryCompileExec421747938/fast] Error 2


Determining if the function dlopen exists failed with the following output:
Change Dir: /root/inception.b/CMakeFiles/CMakeTmp

Run Build Command:/usr/bin/gmake "cmTryCompileExec2047460578/fast"
/usr/bin/gmake -f CMakeFiles/cmTryCompileExec2047460578.dir/build.make CMakeFiles/cmTryCompileExec2047460578.dir/build
gmake[1]: Entering directory `/root/inception.b/CMakeFiles/CMakeTmp'
/usr/bin/cmake -E cmake_progress_report /root/inception.b/CMakeFiles/CMakeTmp/CMakeFiles 1
Building C object CMakeFiles/cmTryCompileExec2047460578.dir/CheckFunctionExists.c.o
/usr/bin/cc   -Wall -DCHECK_FUNCTION_EXISTS=dlopen   -o CMakeFiles/cmTryCompileExec2047460578.dir/CheckFunctionExists.c.o   -c /usr/share/cmake/Modules/CheckFunctionExists.c
Linking C executable cmTryCompileExec2047460578
/usr/bin/cmake -E cmake_link_script CMakeFiles/cmTryCompileExec2047460578.dir/link.txt --verbose=1
/usr/bin/cc   -Wall -DCHECK_FUNCTION_EXISTS=dlopen    CMakeFiles/cmTryCompileExec2047460578.dir/CheckFunctionExists.c.o  -o cmTryCompileExec2047460578 -rdynamic 
CMakeFiles/cmTryCompileExec2047460578.dir/CheckFunctionExists.c.o: In function `main':
CheckFunctionExists.c:(.text+0x15): undefined reference to `dlopen'
collect2: error: ld returned 1 exit status
gmake[1]: *** [cmTryCompileExec2047460578] Error 1
gmake[1]: Leaving directory `/root/inception.b/CMakeFiles/CMakeTmp'
gmake: *** [cmTryCompileExec2047460578/fast] Error 2


Determining if the pthread_create exist failed with the following output:
Change Dir: /root/inception.b/CMakeFiles/CMakeTmp

Run Build Command:/usr/bin/gmake "cmTryCompileExec2212085697/fast"
/usr/bin/gmake -f CMakeFiles/cmTryCompileExec2212085697.dir/build.make CMakeFiles/cmTryCompileExec2212085697.dir/build
gmake[1]: Entering directory `/root/inception.b/CMakeFiles/CMakeTmp'
/usr/bin/cmake -E cmake_progress_report /root/inception.b/CMakeFiles/CMakeTmp/CMakeFiles 1
Building C object CMakeFiles/cmTryCompileExec2212085697.dir/CheckSymbolExists.c.o
/usr/bin/cc   -Wall    -o CMakeFiles/cmTryCompileExec2212085697.dir/CheckSymbolExists.c.o   -c /root/inception.b/CMakeFiles/CMakeTmp/CheckSymbolExists.c
Linking C executable cmTryCompileExec2212085697
/usr/bin/cmake -E cmake_link_script CMakeFiles/cmTryCompileExec2212085697.dir/link.txt --verbose=1
/usr/bin/cc   -Wall     CMakeFiles/cmTryCompileExec2212085697.dir/CheckSymbolExists.c.o  -o cmTryCompileExec2212085697 -rdynamic 
CMakeFiles/cmTryCompileExec2212085697.dir/CheckSymbolExists.c.o: In function `main':
CheckSymbolExists.c:(.text+0x16): undefined reference to `pthread_create'
collect2: error: ld returned 1 exit status
gmake[1]: *** [cmTryCompileExec2212085697] Error 1
gmake[1]: Leaving directory `/root/inception.b/CMakeFiles/CMakeTmp'
gmake: *** [cmTryCompileExec2212085697/fast] Error 2

File /root/inception.b/CMakeFiles/CMakeTmp/CheckSymbolExists.c:
/* */
#include <pthread.h>

int main(int argc, char** argv)
{
  (void)argv;
#ifndef pthread_create
  return ((int*)(&pthread_create))[argc];
#else
  (void)argc;
  return 0;
#endif
}

Determining if the function pthread_create exists in the pthreads failed with the following output:
Change Dir: /root/inception.b/CMakeFiles/CMakeTmp

Run Build Command:/usr/bin/gmake "cmTryCompileExec1788178225/fast"
/usr/bin/gmake -f CMakeFiles/cmTryCompileExec1788178225.dir/build.make CMakeFiles/cmTryCompileExec1788178225.dir/build
gmake[1]: Entering directory `/root/inception.b/CMakeFiles/CMakeTmp'
/usr/bin/cmake -E cmake_progress_report /root/inception.b/CMakeFiles/CMakeTmp/CMakeFiles 1
Building C object CMakeFiles/cmTryCompileExec1788178225.dir/CheckFunctionExists.c.o
/usr/bin/cc   -Wall -DCHECK_FUNCTION_EXISTS=pthread_create   -o CMakeFiles/cmTryCompileExec1788178225.dir/CheckFunctionExists.c.o   -c /usr/share/cmake/Modules/CheckFunctionExists.c
Linking C executable cmTryCompileExec1788178225
/usr/bin/cmake -E cmake_link_script CMakeFiles/cmTryCompileExec1788178225.dir/link.txt --verbose=1
/usr/bin/cc   -Wall -DCHECK_FUNCTION_EXISTS=pthread_create    CMakeFiles/cmTryCompileExec1788178225.dir/CheckFunctionExists.c.o  -o cmTryCompileExec1788178225 -rdynamic -lpthreads 
/usr/bin/ld: cannot find -lpthreads
collect2: error: ld returned 1 exit status
gmake[1]: *** [cmTryCompileExec1788178225] Error 1
gmake[1]: Leaving directory `/root/inception.b/CMakeFiles/CMakeTmp'
gmake: *** [cmTryCompileExec1788178225/fast] Error 2


Determining if files cxxabi.h exist failed with the following output:
Change Dir: /root/inception.b/CMakeFiles/CMakeTmp

Run Build Command:/usr/bin/gmake "cmTryCompileExec476693313/fast"
/usr/bin/gmake -f CMakeFiles/cmTryCompileExec476693313.dir/build.make CMakeFiles/cmTryCompileExec476693313.dir/build
gmake[1]: Entering directory `/root/inception.b/CMakeFiles/CMakeTmp'
/usr/bin/cmake -E cmake_progress_report /root/inception.b/CMakeFiles/CMakeTmp/CMakeFiles 1
Building C object CMakeFiles/cmTryCompileExec476693313.dir/CheckIncludeFiles.c.o
/usr/bin/cc   -Wall    -o CMakeFiles/cmTryCompileExec476693313.dir/CheckIncludeFiles.c.o   -c /root/inception.b/CMakeFiles/CMakeTmp/CheckIncludeFiles.c
/root/inception.b/CMakeFiles/CMakeTmp/CheckIncludeFiles.c:2:20: fatal error: cxxabi.h: No such file or directory
 #include <cxxabi.h>
                    ^
compilation terminated.
gmake[1]: *** [CMakeFiles/cmTryCompileExec476693313.dir/CheckIncludeFiles.c.o] Error 1
gmake[1]: Leaving directory `/root/inception.b/CMakeFiles/CMakeTmp'
gmake: *** [cmTryCompileExec476693313/fast] Error 2

Source:
/* */
#include <cxxabi.h>


int main(){return 0;}

Determining if files floatingpoint.h exist failed with the following output:
Change Dir: /root/inception.b/CMakeFiles/CMakeTmp

Run Build Command:/usr/bin/gmake "cmTryCompileExec429025271/fast"
/usr/bin/gmake -f CMakeFiles/cmTryCompileExec429025271.dir/build.make CMakeFiles/cmTryCompileExec429025271.dir/build
gmake[1]: Entering directory `/root/inception.b/CMakeFiles/CMakeTmp'
/usr/bin/cmake -E cmake_progress_report /root/inception.b/CMakeFiles/CMakeTmp/CMakeFiles 1
Building C object CMakeFiles/cmTryCompileExec429025271.dir/CheckIncludeFiles.c.o
/usr/bin/cc   -Wall    -o CMakeFiles/cmTryCompileExec429025271.dir/CheckIncludeFiles.c.o   -c /root/inception.b/CMakeFiles/CMakeTmp/CheckIncludeFiles.c
/root/inception.b/CMakeFiles/CMakeTmp/CheckIncludeFiles.c:2:27: fatal error: floatingpoint.h: No such file or directory
 #include <floatingpoint.h>
                           ^
compilation terminated.
gmake[1]: *** [CMakeFiles/cmTryCompileExec429025271.dir/CheckIncludeFiles.c.o] Error 1
gmake[1]: Leaving directory `/root/inception.b/CMakeFiles/CMakeTmp'
gmake: *** [cmTryCompileExec429025271/fast] Error 2

Source:
/* */
#include <floatingpoint.h>


int main(){return 0;}

Determining if files ieeefp.h exist failed with the following output:
Change Dir: /root/inception.b/CMakeFiles/CMakeTmp

Run Build Command:/usr/bin/gmake "cmTryCompileExec402409687/fast"
/usr/bin/gmake -f CMakeFiles/cmTryCompileExec402409687.dir/build.make CMakeFiles/cmTryCompileExec402409687.dir/build
gmake[1]: Entering directory `/root/inception.b/CMakeFiles/CMakeTmp'
/usr/bin/cmake -E cmake_progress_report /root/inception.b/CMakeFiles/CMakeTmp/CMakeFiles 1
Building C object CMakeFiles/cmTryCompileExec402409687.dir/CheckIncludeFiles.c.o
/usr/bin/cc   -Wall    -o CMakeFiles/cmTryCompileExec402409687.dir/CheckIncludeFiles.c.o   -c /root/inception.b/CMakeFiles/CMakeTmp/CheckIncludeFiles.c
/root/inception.b/CMakeFiles/CMakeTmp/CheckIncludeFiles.c:2:20: fatal error: ieeefp.h: No such file or directory
 #include <ieeefp.h>
                    ^
compilation terminated.
gmake[1]: *** [CMakeFiles/cmTryCompileExec402409687.dir/CheckIncludeFiles.c.o] Error 1
gmake[1]: Leaving directory `/root/inception.b/CMakeFiles/CMakeTmp'
gmake: *** [cmTryCompileExec402409687/fast] Error 2

Source:
/* */
#include <ieeefp.h>


int main(){return 0;}

Determining if files ndir.h exist failed with the following output:
Change Dir: /root/inception.b/CMakeFiles/CMakeTmp

Run Build Command:/usr/bin/gmake "cmTryCompileExec2812329840/fast"
/usr/bin/gmake -f CMakeFiles/cmTryCompileExec2812329840.dir/build.make CMakeFiles/cmTryCompileExec2812329840.dir/build
gmake[1]: Entering directory `/root/inception.b/CMakeFiles/CMakeTmp'
/usr/bin/cmake -E cmake_progress_report /root/inception.b/CMakeFiles/CMakeTmp/CMakeFiles 1
Building C object CMakeFiles/cmTryCompileExec2812329840.dir/CheckIncludeFiles.c.o
/usr/bin/cc   -Wall    -o CMakeFiles/cmTryCompileExec2812329840.dir/CheckIncludeFiles.c.o   -c /root/inception.b/CMakeFiles/CMakeTmp/CheckIncludeFiles.c
/root/inception.b/CMakeFiles/CMakeTmp/CheckIncludeFiles.c:2:18: fatal error: ndir.h: No such file or directory
 #include <ndir.h>
                  ^
compilation terminated.
gmake[1]: *** [CMakeFiles/cmTryCompileExec2812329840.dir/CheckIncludeFiles.c.o] Error 1
gmake[1]: Leaving directory `/root/inception.b/CMakeFiles/CMakeTmp'
gmake: *** [cmTryCompileExec2812329840/fast] Error 2

Source:
/* */
#include <ndir.h>


int main(){return 0;}

Determining if files port.h exist failed with the following output:
Change Dir: /root/inception.b/CMakeFiles/CMakeTmp

Run Build Command:/usr/bin/gmake "cmTryCompileExec3815889156/fast"
/usr/bin/gmake -f CMakeFiles/cmTryCompileExec3815889156.dir/build.make CMakeFiles/cmTryCompileExec3815889156.dir/build
gmake[1]: Entering directory `/root/inception.b/CMakeFiles/CMakeTmp'
/usr/bin/cmake -E cmake_progress_report /root/inception.b/CMakeFiles/CMakeTmp/CMakeFiles 1
Building C object CMakeFiles/cmTryCompileExec3815889156.dir/CheckIncludeFiles.c.o
/usr/bin/cc   -Wall    -o CMakeFiles/cmTryCompileExec3815889156.dir/CheckIncludeFiles.c.o   -c /root/inception.b/CMakeFiles/CMakeTmp/CheckIncludeFiles.c
/root/inception.b/CMakeFiles/CMakeTmp/CheckIncludeFiles.c:2:18: fatal error: port.h: No such file or directory
 #include <port.h>
                  ^
compilation terminated.
gmake[1]: *** [CMakeFiles/cmTryCompileExec3815889156.dir/CheckIncludeFiles.c.o] Error 1
gmake[1]: Leaving directory `/root/inception.b/CMakeFiles/CMakeTmp'
gmake: *** [cmTryCompileExec3815889156/fast] Error 2

Source:
/* */
#include <port.h>


int main(){return 0;}

Determining if files select.h exist failed with the following output:
Change Dir: /root/inception.b/CMakeFiles/CMakeTmp

Run Build Command:/usr/bin/gmake "cmTryCompileExec2938353538/fast"
/usr/bin/gmake -f CMakeFiles/cmTryCompileExec2938353538.dir/build.make CMakeFiles/cmTryCompileExec2938353538.dir/build
gmake[1]: Entering directory `/root/inception.b/CMakeFiles/CMakeTmp'
/usr/bin/cmake -E cmake_progress_report /root/inception.b/CMakeFiles/CMakeTmp/CMakeFiles 1
Building C object CMakeFiles/cmTryCompileExec2938353538.dir/CheckIncludeFiles.c.o
/usr/bin/cc   -Wall    -o CMakeFiles/cmTryCompileExec2938353538.dir/CheckIncludeFiles.c.o   -c /root/inception.b/CMakeFiles/CMakeTmp/CheckIncludeFiles.c
/root/inception.b/CMakeFiles/CMakeTmp/CheckIncludeFiles.c:2:20: fatal error: select.h: No such file or directory
 #include <select.h>
                    ^
compilation terminated.
gmake[1]: *** [CMakeFiles/cmTryCompileExec2938353538.dir/CheckIncludeFiles.c.o] Error 1
gmake[1]: Leaving directory `/root/inception.b/CMakeFiles/CMakeTmp'
gmake: *** [cmTryCompileExec2938353538/fast] Error 2

Source:
/* */
#include <select.h>


int main(){return 0;}

Determining if files sys/ndir.h exist failed with the following output:
Change Dir: /root/inception.b/CMakeFiles/CMakeTmp

Run Build Command:/usr/bin/gmake "cmTryCompileExec3875948501/fast"
/usr/bin/gmake -f CMakeFiles/cmTryCompileExec3875948501.dir/build.make CMakeFiles/cmTryCompileExec3875948501.dir/build
gmake[1]: Entering directory `/root/inception.b/CMakeFiles/CMakeTmp'
/usr/bin/cmake -E cmake_progress_report /root/inception.b/CMakeFiles/CMakeTmp/CMakeFiles 1
Building C object CMakeFiles/cmTryCompileExec3875948501.dir/CheckIncludeFiles.c.o
/usr/bin/cc   -Wall    -o CMakeFiles/cmTryCompileExec3875948501.dir/CheckIncludeFiles.c.o   -c /root/inception.b/CMakeFiles/CMakeTmp/CheckIncludeFiles.c
/root/inception.b/CMakeFiles/CMakeTmp/CheckIncludeFiles.c:2:22: fatal error: sys/ndir.h: No such file or directory
 #include <sys/ndir.h>
                      ^
compilation terminated.
gmake[1]: *** [CMakeFiles/cmTryCompileExec3875948501.dir/CheckIncludeFiles.c.o] Error 1
gmake[1]: Leaving directory `/root/inception.b/CMakeFiles/CMakeTmp'
gmake: *** [cmTryCompileExec3875948501/fast] Error 2

Source:
/* */
#include <sys/ndir.h>


int main(){return 0;}

Determining if files sys/pte.h exist failed with the following output:
Change Dir: /root/inception.b/CMakeFiles/CMakeTmp

Run Build Command:/usr/bin/gmake "cmTryCompileExec2128473536/fast"
/usr/bin/gmake -f CMakeFiles/cmTryCompileExec2128473536.dir/build.make CMakeFiles/cmTryCompileExec2128473536.dir/build
gmake[1]: Entering directory `/root/inception.b/CMakeFiles/CMakeTmp'
/usr/bin/cmake -E cmake_progress_report /root/inception.b/CMakeFiles/CMakeTmp/CMakeFiles 1
Building C object CMakeFiles/cmTryCompileExec2128473536.dir/CheckIncludeFiles.c.o
/usr/bin/cc   -Wall    -o CMakeFiles/cmTryCompileExec2128473536.dir/CheckIncludeFiles.c.o   -c /root/inception.b/CMakeFiles/CMakeTmp/CheckIncludeFiles.c
/root/inception.b/CMakeFiles/CMakeTmp/CheckIncludeFiles.c:2:21: fatal error: sys/pte.h: No such file or directory
 #include <sys/pte.h>
                     ^
compilation terminated.
gmake[1]: *** [CMakeFiles/cmTryCompileExec2128473536.dir/CheckIncludeFiles.c.o] Error 1
gmake[1]: Leaving directory `/root/inception.b/CMakeFiles/CMakeTmp'
gmake: *** [cmTryCompileExec2128473536/fast] Error 2

Source:
/* */
#include <sys/pte.h>


int main(){return 0;}

Determining if files synch.h exist failed with the following output:
Change Dir: /root/inception.b/CMakeFiles/CMakeTmp

Run Build Command:/usr/bin/gmake "cmTryCompileExec2786608256/fast"
/usr/bin/gmake -f CMakeFiles/cmTryCompileExec2786608256.dir/build.make CMakeFiles/cmTryCompileExec2786608256.dir/build
gmake[1]: Entering directory `/root/inception.b/CMakeFiles/CMakeTmp'
/usr/bin/cmake -E cmake_progress_report /root/inception.b/CMakeFiles/CMakeTmp/CMakeFiles 1
Building C object CMakeFiles/cmTryCompileExec2786608256.dir/CheckIncludeFiles.c.o
/usr/bin/cc   -Wall    -o CMakeFiles/cmTryCompileExec2786608256.dir/CheckIncludeFiles.c.o   -c /root/inception.b/CMakeFiles/CMakeTmp/CheckIncludeFiles.c
/root/inception.b/CMakeFiles/CMakeTmp/CheckIncludeFiles.c:2:19: fatal error: synch.h: No such file or directory
 #include <synch.h>
                   ^
compilation terminated.
gmake[1]: *** [CMakeFiles/cmTryCompileExec2786608256.dir/CheckIncludeFiles.c.o] Error 1
gmake[1]: Leaving directory `/root/inception.b/CMakeFiles/CMakeTmp'
gmake: *** [cmTryCompileExec2786608256/fast] Error 2

Source:
/* */
#include <synch.h>


int main(){return 0;}

Determining if files sysent.h exist failed with the following output:
Change Dir: /root/inception.b/CMakeFiles/CMakeTmp

Run Build Command:/usr/bin/gmake "cmTryCompileExec2631675546/fast"
/usr/bin/gmake -f CMakeFiles/cmTryCompileExec2631675546.dir/build.make CMakeFiles/cmTryCompileExec2631675546.dir/build
gmake[1]: Entering directory `/root/inception.b/CMakeFiles/CMakeTmp'
/usr/bin/cmake -E cmake_progress_report /root/inception.b/CMakeFiles/CMakeTmp/CMakeFiles 1
Building C object CMakeFiles/cmTryCompileExec2631675546.dir/CheckIncludeFiles.c.o
/usr/bin/cc   -Wall    -o CMakeFiles/cmTryCompileExec2631675546.dir/CheckIncludeFiles.c.o   -c /root/inception.b/CMakeFiles/CMakeTmp/CheckIncludeFiles.c
/root/inception.b/CMakeFiles/CMakeTmp/CheckIncludeFiles.c:2:20: fatal error: sysent.h: No such file or directory
 #include <sysent.h>
                    ^
compilation terminated.
gmake[1]: *** [CMakeFiles/cmTryCompileExec2631675546.dir/CheckIncludeFiles.c.o] Error 1
gmake[1]: Leaving directory `/root/inception.b/CMakeFiles/CMakeTmp'
gmake: *** [cmTryCompileExec2631675546/fast] Error 2

Source:
/* */
#include <sysent.h>


int main(){return 0;}

Determining if files sys/fpu.h exist failed with the following output:
Change Dir: /root/inception.b/CMakeFiles/CMakeTmp

Run Build Command:/usr/bin/gmake "cmTryCompileExec1750762687/fast"
/usr/bin/gmake -f CMakeFiles/cmTryCompileExec1750762687.dir/build.make CMakeFiles/cmTryCompileExec1750762687.dir/build
gmake[1]: Entering directory `/root/inception.b/CMakeFiles/CMakeTmp'
/usr/bin/cmake -E cmake_progress_report /root/inception.b/CMakeFiles/CMakeTmp/CMakeFiles 1
Building C object CMakeFiles/cmTryCompileExec1750762687.dir/CheckIncludeFiles.c.o
/usr/bin/cc   -Wall    -o CMakeFiles/cmTryCompileExec1750762687.dir/CheckIncludeFiles.c.o   -c /root/inception.b/CMakeFiles/CMakeTmp/CheckIncludeFiles.c
/root/inception.b/CMakeFiles/CMakeTmp/CheckIncludeFiles.c:2:21: fatal error: sys/fpu.h: No such file or directory
 #include <sys/fpu.h>
                     ^
compilation terminated.
gmake[1]: *** [CMakeFiles/cmTryCompileExec1750762687.dir/CheckIncludeFiles.c.o] Error 1
gmake[1]: Leaving directory `/root/inception.b/CMakeFiles/CMakeTmp'
gmake: *** [cmTryCompileExec1750762687/fast] Error 2

Source:
/* */
#include <sys/fpu.h>


int main(){return 0;}

Determining if files sys/malloc.h exist failed with the following output:
Change Dir: /root/inception.b/CMakeFiles/CMakeTmp

Run Build Command:/usr/bin/gmake "cmTryCompileExec2136577148/fast"
/usr/bin/gmake -f CMakeFiles/cmTryCompileExec2136577148.dir/build.make CMakeFiles/cmTryCompileExec2136577148.dir/build
gmake[1]: Entering directory `/root/inception.b/CMakeFiles/CMakeTmp'
/usr/bin/cmake -E cmake_progress_report /root/inception.b/CMakeFiles/CMakeTmp/CMakeFiles 1
Building C object CMakeFiles/cmTryCompileExec2136577148.dir/CheckIncludeFiles.c.o
/usr/bin/cc   -Wall    -o CMakeFiles/cmTryCompileExec2136577148.dir/CheckIncludeFiles.c.o   -c /root/inception.b/CMakeFiles/CMakeTmp/CheckIncludeFiles.c
/root/inception.b/CMakeFiles/CMakeTmp/CheckIncludeFiles.c:2:24: fatal error: sys/malloc.h: No such file or directory
 #include <sys/malloc.h>
                        ^
compilation terminated.
gmake[1]: *** [CMakeFiles/cmTryCompileExec2136577148.dir/CheckIncludeFiles.c.o] Error 1
gmake[1]: Leaving directory `/root/inception.b/CMakeFiles/CMakeTmp'
gmake: *** [cmTryCompileExec2136577148/fast] Error 2

Source:
/* */
#include <sys/malloc.h>


int main(){return 0;}

Determining if files sys/stream.h exist failed with the following output:
Change Dir: /root/inception.b/CMakeFiles/CMakeTmp

Run Build Command:/usr/bin/gmake "cmTryCompileExec2362088496/fast"
/usr/bin/gmake -f CMakeFiles/cmTryCompileExec2362088496.dir/build.make CMakeFiles/cmTryCompileExec2362088496.dir/build
gmake[1]: Entering directory `/root/inception.b/CMakeFiles/CMakeTmp'
/usr/bin/cmake -E cmake_progress_report /root/inception.b/CMakeFiles/CMakeTmp/CMakeFiles 1
Building C object CMakeFiles/cmTryCompileExec2362088496.dir/CheckIncludeFiles.c.o
/usr/bin/cc   -Wall    -o CMakeFiles/cmTryCompileExec2362088496.dir/CheckIncludeFiles.c.o   -c /root/inception.b/CMakeFiles/CMakeTmp/CheckIncludeFiles.c
/root/inception.b/CMakeFiles/CMakeTmp/CheckIncludeFiles.c:2:24: fatal error: sys/stream.h: No such file or directory
 #include <sys/stream.h>
                        ^
compilation terminated.
gmake[1]: Leaving directory `/root/inception.b/CMakeFiles/CMakeTmp'
gmake[1]: *** [CMakeFiles/cmTryCompileExec2362088496.dir/CheckIncludeFiles.c.o] Error 1
gmake: *** [cmTryCompileExec2362088496/fast] Error 2

Source:
/* */
#include <sys/stream.h>


int main(){return 0;}

Determining if files sys/termcap.h exist failed with the following output:
Change Dir: /root/inception.b/CMakeFiles/CMakeTmp

Run Build Command:/usr/bin/gmake "cmTryCompileExec3925934740/fast"
/usr/bin/gmake -f CMakeFiles/cmTryCompileExec3925934740.dir/build.make CMakeFiles/cmTryCompileExec3925934740.dir/build
gmake[1]: Entering directory `/root/inception.b/CMakeFiles/CMakeTmp'
/usr/bin/cmake -E cmake_progress_report /root/inception.b/CMakeFiles/CMakeTmp/CMakeFiles 1
Building C object CMakeFiles/cmTryCompileExec3925934740.dir/CheckIncludeFiles.c.o
/usr/bin/cc   -Wall    -o CMakeFiles/cmTryCompileExec3925934740.dir/CheckIncludeFiles.c.o   -c /root/inception.b/CMakeFiles/CMakeTmp/CheckIncludeFiles.c
/root/inception.b/CMakeFiles/CMakeTmp/CheckIncludeFiles.c:2:25: fatal error: sys/termcap.h: No such file or directory
 #include <sys/termcap.h>
                         ^
compilation terminated.
gmake[1]: *** [CMakeFiles/cmTryCompileExec3925934740.dir/CheckIncludeFiles.c.o] Error 1
gmake[1]: Leaving directory `/root/inception.b/CMakeFiles/CMakeTmp'
gmake: *** [cmTryCompileExec3925934740/fast] Error 2

Source:
/* */
#include <sys/termcap.h>


int main(){return 0;}

Determining if files termbits.h exist failed with the following output:
Change Dir: /root/inception.b/CMakeFiles/CMakeTmp

Run Build Command:/usr/bin/gmake "cmTryCompileExec3256759782/fast"
/usr/bin/gmake -f CMakeFiles/cmTryCompileExec3256759782.dir/build.make CMakeFiles/cmTryCompileExec3256759782.dir/build
gmake[1]: Entering directory `/root/inception.b/CMakeFiles/CMakeTmp'
/usr/bin/cmake -E cmake_progress_report /root/inception.b/CMakeFiles/CMakeTmp/CMakeFiles 1
Building C object CMakeFiles/cmTryCompileExec3256759782.dir/CheckIncludeFiles.c.o
/usr/bin/cc   -Wall    -o CMakeFiles/cmTryCompileExec3256759782.dir/CheckIncludeFiles.c.o   -c /root/inception.b/CMakeFiles/CMakeTmp/CheckIncludeFiles.c
/root/inception.b/CMakeFiles/CMakeTmp/CheckIncludeFiles.c:2:22: fatal error: termbits.h: No such file or directory
 #include <termbits.h>
                      ^
compilation terminated.
gmake[1]: *** [CMakeFiles/cmTryCompileExec3256759782.dir/CheckIncludeFiles.c.o] Error 1
gmake[1]: Leaving directory `/root/inception.b/CMakeFiles/CMakeTmp'
gmake: *** [cmTryCompileExec3256759782/fast] Error 2

Source:
/* */
#include <termbits.h>


int main(){return 0;}

Determining if files varargs.h exist failed with the following output:
Change Dir: /root/inception.b/CMakeFiles/CMakeTmp

Run Build Command:/usr/bin/gmake "cmTryCompileExec1364086410/fast"
/usr/bin/gmake -f CMakeFiles/cmTryCompileExec1364086410.dir/build.make CMakeFiles/cmTryCompileExec1364086410.dir/build
gmake[1]: Entering directory `/root/inception.b/CMakeFiles/CMakeTmp'
/usr/bin/cmake -E cmake_progress_report /root/inception.b/CMakeFiles/CMakeTmp/CMakeFiles 1
Building C object CMakeFiles/cmTryCompileExec1364086410.dir/CheckIncludeFiles.c.o
/usr/bin/cc   -Wall    -o CMakeFiles/cmTryCompileExec1364086410.dir/CheckIncludeFiles.c.o   -c /root/inception.b/CMakeFiles/CMakeTmp/CheckIncludeFiles.c
In file included from /root/inception.b/CMakeFiles/CMakeTmp/CheckIncludeFiles.c:2:0:
/usr/lib/gcc/x86_64-redhat-linux/4.8.5/include/varargs.h:4:2: error: #error "GCC no longer implements <varargs.h>."
 #error "GCC no longer implements <varargs.h>."
  ^
/usr/lib/gcc/x86_64-redhat-linux/4.8.5/include/varargs.h:5:2: error: #error "Revise your code to use <stdarg.h>."
 #error "Revise your code to use <stdarg.h>."
  ^
gmake[1]: *** [CMakeFiles/cmTryCompileExec1364086410.dir/CheckIncludeFiles.c.o] Error 1
gmake[1]: Leaving directory `/root/inception.b/CMakeFiles/CMakeTmp'
gmake: *** [cmTryCompileExec1364086410/fast] Error 2

Source:
/* */
#include <varargs.h>


int main(){return 0;}

Determining if files sys/utime.h exist failed with the following output:
Change Dir: /root/inception.b/CMakeFiles/CMakeTmp

Run Build Command:/usr/bin/gmake "cmTryCompileExec3811919455/fast"
/usr/bin/gmake -f CMakeFiles/cmTryCompileExec3811919455.dir/build.make CMakeFiles/cmTryCompileExec3811919455.dir/build
gmake[1]: Entering directory `/root/inception.b/CMakeFiles/CMakeTmp'
/usr/bin/cmake -E cmake_progress_report /root/inception.b/CMakeFiles/CMakeTmp/CMakeFiles 1
Building C object CMakeFiles/cmTryCompileExec3811919455.dir/CheckIncludeFiles.c.o
/usr/bin/cc   -Wall    -o CMakeFiles/cmTryCompileExec3811919455.dir/CheckIncludeFiles.c.o   -c /root/inception.b/CMakeFiles/CMakeTmp/CheckIncludeFiles.c
/root/inception.b/CMakeFiles/CMakeTmp/CheckIncludeFiles.c:2:23: fatal error: sys/utime.h: No such file or directory
 #include <sys/utime.h>
                       ^
compilation terminated.
gmake[1]: *** [CMakeFiles/cmTryCompileExec3811919455.dir/CheckIncludeFiles.c.o] Error 1
gmake[1]: Leaving directory `/root/inception.b/CMakeFiles/CMakeTmp'
gmake: *** [cmTryCompileExec3811919455/fast] Error 2

Source:
/* */
#include <sys/utime.h>


int main(){return 0;}

Determining if files sys/vadvise.h exist failed with the following output:
Change Dir: /root/inception.b/CMakeFiles/CMakeTmp

Run Build Command:/usr/bin/gmake "cmTryCompileExec2003898478/fast"
/usr/bin/gmake -f CMakeFiles/cmTryCompileExec2003898478.dir/build.make CMakeFiles/cmTryCompileExec2003898478.dir/build
gmake[1]: Entering directory `/root/inception.b/CMakeFiles/CMakeTmp'
/usr/bin/cmake -E cmake_progress_report /root/inception.b/CMakeFiles/CMakeTmp/CMakeFiles 1
Building C object CMakeFiles/cmTryCompileExec2003898478.dir/CheckIncludeFiles.c.o
/usr/bin/cc   -Wall    -o CMakeFiles/cmTryCompileExec2003898478.dir/CheckIncludeFiles.c.o   -c /root/inception.b/CMakeFiles/CMakeTmp/CheckIncludeFiles.c
/root/inception.b/CMakeFiles/CMakeTmp/CheckIncludeFiles.c:2:25: fatal error: sys/vadvise.h: No such file or directory
 #include <sys/vadvise.h>
                         ^
compilation terminated.
gmake[1]: *** [CMakeFiles/cmTryCompileExec2003898478.dir/CheckIncludeFiles.c.o] Error 1
gmake[1]: Leaving directory `/root/inception.b/CMakeFiles/CMakeTmp'
gmake: *** [cmTryCompileExec2003898478/fast] Error 2

Source:
/* */
#include <sys/vadvise.h>


int main(){return 0;}

Determining if files vis.h exist failed with the following output:
Change Dir: /root/inception.b/CMakeFiles/CMakeTmp

Run Build Command:/usr/bin/gmake "cmTryCompileExec2313622653/fast"
/usr/bin/gmake -f CMakeFiles/cmTryCompileExec2313622653.dir/build.make CMakeFiles/cmTryCompileExec2313622653.dir/build
gmake[1]: Entering directory `/root/inception.b/CMakeFiles/CMakeTmp'
/usr/bin/cmake -E cmake_progress_report /root/inception.b/CMakeFiles/CMakeTmp/CMakeFiles 1
Building C object CMakeFiles/cmTryCompileExec2313622653.dir/CheckIncludeFiles.c.o
/usr/bin/cc   -Wall    -o CMakeFiles/cmTryCompileExec2313622653.dir/CheckIncludeFiles.c.o   -c /root/inception.b/CMakeFiles/CMakeTmp/CheckIncludeFiles.c
/root/inception.b/CMakeFiles/CMakeTmp/CheckIncludeFiles.c:2:17: fatal error: vis.h: No such file or directory
 #include <vis.h>
                 ^
compilation terminated.
gmake[1]: *** [CMakeFiles/cmTryCompileExec2313622653.dir/CheckIncludeFiles.c.o] Error 1
gmake[1]: Leaving directory `/root/inception.b/CMakeFiles/CMakeTmp'
gmake: *** [cmTryCompileExec2313622653/fast] Error 2

Source:
/* */
#include <vis.h>


int main(){return 0;}

Determining if files sasl/sasl.h exist failed with the following output:
Change Dir: /root/inception.b/CMakeFiles/CMakeTmp

Run Build Command:/usr/bin/gmake "cmTryCompileExec3231541313/fast"
/usr/bin/gmake -f CMakeFiles/cmTryCompileExec3231541313.dir/build.make CMakeFiles/cmTryCompileExec3231541313.dir/build
gmake[1]: Entering directory `/root/inception.b/CMakeFiles/CMakeTmp'
/usr/bin/cmake -E cmake_progress_report /root/inception.b/CMakeFiles/CMakeTmp/CMakeFiles 1
Building C object CMakeFiles/cmTryCompileExec3231541313.dir/CheckIncludeFiles.c.o
/usr/bin/cc   -Wall    -o CMakeFiles/cmTryCompileExec3231541313.dir/CheckIncludeFiles.c.o   -c /root/inception.b/CMakeFiles/CMakeTmp/CheckIncludeFiles.c
/root/inception.b/CMakeFiles/CMakeTmp/CheckIncludeFiles.c:2:23: fatal error: sasl/sasl.h: No such file or directory
 #include <sasl/sasl.h>
                       ^
compilation terminated.
gmake[1]: *** [CMakeFiles/cmTryCompileExec3231541313.dir/CheckIncludeFiles.c.o] Error 1
gmake[1]: Leaving directory `/root/inception.b/CMakeFiles/CMakeTmp'
gmake: *** [cmTryCompileExec3231541313/fast] Error 2

Source:
/* */
#include <sasl/sasl.h>


int main(){return 0;}

Determining if files sys/devpoll.h exist failed with the following output:
Change Dir: /root/inception.b/CMakeFiles/CMakeTmp

Run Build Command:/usr/bin/gmake "cmTryCompileExec2080641151/fast"
/usr/bin/gmake -f CMakeFiles/cmTryCompileExec2080641151.dir/build.make CMakeFiles/cmTryCompileExec2080641151.dir/build
gmake[1]: Entering directory `/root/inception.b/CMakeFiles/CMakeTmp'
/usr/bin/cmake -E cmake_progress_report /root/inception.b/CMakeFiles/CMakeTmp/CMakeFiles 1
Building C object CMakeFiles/cmTryCompileExec2080641151.dir/CheckIncludeFiles.c.o
/usr/bin/cc   -Wall    -o CMakeFiles/cmTryCompileExec2080641151.dir/CheckIncludeFiles.c.o   -c /root/inception.b/CMakeFiles/CMakeTmp/CheckIncludeFiles.c
/root/inception.b/CMakeFiles/CMakeTmp/CheckIncludeFiles.c:2:25: fatal error: sys/devpoll.h: No such file or directory
 #include <sys/devpoll.h>
                         ^
compilation terminated.
gmake[1]: *** [CMakeFiles/cmTryCompileExec2080641151.dir/CheckIncludeFiles.c.o] Error 1
gmake[1]: Leaving directory `/root/inception.b/CMakeFiles/CMakeTmp'
gmake: *** [cmTryCompileExec2080641151/fast] Error 2

Source:
/* */
#include <sys/devpoll.h>


int main(){return 0;}

Determining if files sys/devpoll.h exist failed with the following output:
Change Dir: /root/inception.b/CMakeFiles/CMakeTmp

Run Build Command:/usr/bin/gmake "cmTryCompileExec869184554/fast"
/usr/bin/gmake -f CMakeFiles/cmTryCompileExec869184554.dir/build.make CMakeFiles/cmTryCompileExec869184554.dir/build
gmake[1]: Entering directory `/root/inception.b/CMakeFiles/CMakeTmp'
/usr/bin/cmake -E cmake_progress_report /root/inception.b/CMakeFiles/CMakeTmp/CMakeFiles 1
Building C object CMakeFiles/cmTryCompileExec869184554.dir/CheckIncludeFiles.c.o
/usr/bin/cc   -Wall    -o CMakeFiles/cmTryCompileExec869184554.dir/CheckIncludeFiles.c.o   -c /root/inception.b/CMakeFiles/CMakeTmp/CheckIncludeFiles.c
/root/inception.b/CMakeFiles/CMakeTmp/CheckIncludeFiles.c:2:25: fatal error: sys/devpoll.h: No such file or directory
 #include <sys/devpoll.h>
                         ^
compilation terminated.
gmake[1]: *** [CMakeFiles/cmTryCompileExec869184554.dir/CheckIncludeFiles.c.o] Error 1
gmake[1]: Leaving directory `/root/inception.b/CMakeFiles/CMakeTmp'
gmake: *** [cmTryCompileExec869184554/fast] Error 2

Source:
/* */
#include <sys/devpoll.h>


int main(){return 0;}

Determining if files sys/event.h exist failed with the following output:
Change Dir: /root/inception.b/CMakeFiles/CMakeTmp

Run Build Command:/usr/bin/gmake "cmTryCompileExec1695348981/fast"
/usr/bin/gmake -f CMakeFiles/cmTryCompileExec1695348981.dir/build.make CMakeFiles/cmTryCompileExec1695348981.dir/build
gmake[1]: Entering directory `/root/inception.b/CMakeFiles/CMakeTmp'
/usr/bin/cmake -E cmake_progress_report /root/inception.b/CMakeFiles/CMakeTmp/CMakeFiles 1
Building C object CMakeFiles/cmTryCompileExec1695348981.dir/CheckIncludeFiles.c.o
/usr/bin/cc   -Wall    -o CMakeFiles/cmTryCompileExec1695348981.dir/CheckIncludeFiles.c.o   -c /root/inception.b/CMakeFiles/CMakeTmp/CheckIncludeFiles.c
/root/inception.b/CMakeFiles/CMakeTmp/CheckIncludeFiles.c:2:23: fatal error: sys/event.h: No such file or directory
 #include <sys/event.h>
                       ^
compilation terminated.
gmake[1]: *** [CMakeFiles/cmTryCompileExec1695348981.dir/CheckIncludeFiles.c.o] Error 1
gmake[1]: Leaving directory `/root/inception.b/CMakeFiles/CMakeTmp'
gmake: *** [cmTryCompileExec1695348981/fast] Error 2

Source:
/* */
#include <sys/event.h>


int main(){return 0;}

Determining if files sys/ptem.h exist failed with the following output:
Change Dir: /root/inception.b/CMakeFiles/CMakeTmp

Run Build Command:/usr/bin/gmake "cmTryCompileExec4201105240/fast"
/usr/bin/gmake -f CMakeFiles/cmTryCompileExec4201105240.dir/build.make CMakeFiles/cmTryCompileExec4201105240.dir/build
gmake[1]: Entering directory `/root/inception.b/CMakeFiles/CMakeTmp'
/usr/bin/cmake -E cmake_progress_report /root/inception.b/CMakeFiles/CMakeTmp/CMakeFiles 1
Building C object CMakeFiles/cmTryCompileExec4201105240.dir/CheckIncludeFiles.c.o
/usr/bin/cc   -Wall    -o CMakeFiles/cmTryCompileExec4201105240.dir/CheckIncludeFiles.c.o   -c /root/inception.b/CMakeFiles/CMakeTmp/CheckIncludeFiles.c
/root/inception.b/CMakeFiles/CMakeTmp/CheckIncludeFiles.c:2:22: fatal error: sys/ptem.h: No such file or directory
 #include <sys/ptem.h>
                      ^
compilation terminated.
gmake[1]: *** [CMakeFiles/cmTryCompileExec4201105240.dir/CheckIncludeFiles.c.o] Error 1
gmake[1]: Leaving directory `/root/inception.b/CMakeFiles/CMakeTmp'
gmake: *** [cmTryCompileExec4201105240/fast] Error 2

Source:
/* */
#include <sys/ptem.h>


int main(){return 0;}

Determining if the function _aligned_malloc exists failed with the following output:
Change Dir: /root/inception.b/CMakeFiles/CMakeTmp

Run Build Command:/usr/bin/gmake "cmTryCompileExec1926445421/fast"
/usr/bin/gmake -f CMakeFiles/cmTryCompileExec1926445421.dir/build.make CMakeFiles/cmTryCompileExec1926445421.dir/build
gmake[1]: Entering directory `/root/inception.b/CMakeFiles/CMakeTmp'
/usr/bin/cmake -E cmake_progress_report /root/inception.b/CMakeFiles/CMakeTmp/CMakeFiles 1
Building C object CMakeFiles/cmTryCompileExec1926445421.dir/CheckFunctionExists.c.o
/usr/bin/cc   -Wall -DCHECK_FUNCTION_EXISTS=_aligned_malloc   -o CMakeFiles/cmTryCompileExec1926445421.dir/CheckFunctionExists.c.o   -c /usr/share/cmake/Modules/CheckFunctionExists.c
Linking C executable cmTryCompileExec1926445421
/usr/bin/cmake -E cmake_link_script CMakeFiles/cmTryCompileExec1926445421.dir/link.txt --verbose=1
/usr/bin/cc   -Wall -DCHECK_FUNCTION_EXISTS=_aligned_malloc    CMakeFiles/cmTryCompileExec1926445421.dir/CheckFunctionExists.c.o  -o cmTryCompileExec1926445421 -rdynamic -lm -lcrypt -ldl -lpthread 
CMakeFiles/cmTryCompileExec1926445421.dir/CheckFunctionExists.c.o: In function `main':
CheckFunctionExists.c:(.text+0x15): undefined reference to `_aligned_malloc'
collect2: error: ld returned 1 exit status
gmake[1]: Leaving directory `/root/inception.b/CMakeFiles/CMakeTmp'
gmake[1]: *** [cmTryCompileExec1926445421] Error 1
gmake: *** [cmTryCompileExec1926445421/fast] Error 2


Determining if the function _aligned_free exists failed with the following output:
Change Dir: /root/inception.b/CMakeFiles/CMakeTmp

Run Build Command:/usr/bin/gmake "cmTryCompileExec3016019733/fast"
/usr/bin/gmake -f CMakeFiles/cmTryCompileExec3016019733.dir/build.make CMakeFiles/cmTryCompileExec3016019733.dir/build
gmake[1]: Entering directory `/root/inception.b/CMakeFiles/CMakeTmp'
/usr/bin/cmake -E cmake_progress_report /root/inception.b/CMakeFiles/CMakeTmp/CMakeFiles 1
Building C object CMakeFiles/cmTryCompileExec3016019733.dir/CheckFunctionExists.c.o
/usr/bin/cc   -Wall -DCHECK_FUNCTION_EXISTS=_aligned_free   -o CMakeFiles/cmTryCompileExec3016019733.dir/CheckFunctionExists.c.o   -c /usr/share/cmake/Modules/CheckFunctionExists.c
Linking C executable cmTryCompileExec3016019733
/usr/bin/cmake -E cmake_link_script CMakeFiles/cmTryCompileExec3016019733.dir/link.txt --verbose=1
/usr/bin/cc   -Wall -DCHECK_FUNCTION_EXISTS=_aligned_free    CMakeFiles/cmTryCompileExec3016019733.dir/CheckFunctionExists.c.o  -o cmTryCompileExec3016019733 -rdynamic -lm -lcrypt -ldl -lpthread 
CMakeFiles/cmTryCompileExec3016019733.dir/CheckFunctionExists.c.o: In function `main':
CheckFunctionExists.c:(.text+0x15): undefined reference to `_aligned_free'
collect2: error: ld returned 1 exit status
gmake[1]: *** [cmTryCompileExec3016019733] Error 1
gmake[1]: Leaving directory `/root/inception.b/CMakeFiles/CMakeTmp'
gmake: *** [cmTryCompileExec3016019733/fast] Error 2


Determining if the function aio_read exists failed with the following output:
Change Dir: /root/inception.b/CMakeFiles/CMakeTmp

Run Build Command:/usr/bin/gmake "cmTryCompileExec4143427773/fast"
/usr/bin/gmake -f CMakeFiles/cmTryCompileExec4143427773.dir/build.make CMakeFiles/cmTryCompileExec4143427773.dir/build
gmake[1]: Entering directory `/root/inception.b/CMakeFiles/CMakeTmp'
/usr/bin/cmake -E cmake_progress_report /root/inception.b/CMakeFiles/CMakeTmp/CMakeFiles 1
Building C object CMakeFiles/cmTryCompileExec4143427773.dir/CheckFunctionExists.c.o
/usr/bin/cc   -Wall -DCHECK_FUNCTION_EXISTS=aio_read   -o CMakeFiles/cmTryCompileExec4143427773.dir/CheckFunctionExists.c.o   -c /usr/share/cmake/Modules/CheckFunctionExists.c
Linking C executable cmTryCompileExec4143427773
/usr/bin/cmake -E cmake_link_script CMakeFiles/cmTryCompileExec4143427773.dir/link.txt --verbose=1
/usr/bin/cc   -Wall -DCHECK_FUNCTION_EXISTS=aio_read    CMakeFiles/cmTryCompileExec4143427773.dir/CheckFunctionExists.c.o  -o cmTryCompileExec4143427773 -rdynamic -lm -lcrypt -ldl -lpthread 
CMakeFiles/cmTryCompileExec4143427773.dir/CheckFunctionExists.c.o: In function `main':
CheckFunctionExists.c:(.text+0x15): undefined reference to `aio_read'
collect2: error: ld returned 1 exit status
gmake[1]: *** [cmTryCompileExec4143427773] Error 1
gmake[1]: Leaving directory `/root/inception.b/CMakeFiles/CMakeTmp'
gmake: *** [cmTryCompileExec4143427773/fast] Error 2


Determining if the function printstack exists failed with the following output:
Change Dir: /root/inception.b/CMakeFiles/CMakeTmp

Run Build Command:/usr/bin/gmake "cmTryCompileExec2365303095/fast"
/usr/bin/gmake -f CMakeFiles/cmTryCompileExec2365303095.dir/build.make CMakeFiles/cmTryCompileExec2365303095.dir/build
gmake[1]: Entering directory `/root/inception.b/CMakeFiles/CMakeTmp'
/usr/bin/cmake -E cmake_progress_report /root/inception.b/CMakeFiles/CMakeTmp/CMakeFiles 1
Building C object CMakeFiles/cmTryCompileExec2365303095.dir/CheckFunctionExists.c.o
/usr/bin/cc   -Wall -DCHECK_FUNCTION_EXISTS=printstack   -o CMakeFiles/cmTryCompileExec2365303095.dir/CheckFunctionExists.c.o   -c /usr/share/cmake/Modules/CheckFunctionExists.c
Linking C executable cmTryCompileExec2365303095
/usr/bin/cmake -E cmake_link_script CMakeFiles/cmTryCompileExec2365303095.dir/link.txt --verbose=1
/usr/bin/cc   -Wall -DCHECK_FUNCTION_EXISTS=printstack    CMakeFiles/cmTryCompileExec2365303095.dir/CheckFunctionExists.c.o  -o cmTryCompileExec2365303095 -rdynamic -lm -lcrypt -ldl -lpthread 
CMakeFiles/cmTryCompileExec2365303095.dir/CheckFunctionExists.c.o: In function `main':
CheckFunctionExists.c:(.text+0x15): undefined reference to `printstack'
collect2: error: ld returned 1 exit status
gmake[1]: *** [cmTryCompileExec2365303095] Error 1
gmake[1]: Leaving directory `/root/inception.b/CMakeFiles/CMakeTmp'
gmake: *** [cmTryCompileExec2365303095/fast] Error 2


Determining if the function bmove exists failed with the following output:
Change Dir: /root/inception.b/CMakeFiles/CMakeTmp

Run Build Command:/usr/bin/gmake "cmTryCompileExec3270649512/fast"
/usr/bin/gmake -f CMakeFiles/cmTryCompileExec3270649512.dir/build.make CMakeFiles/cmTryCompileExec3270649512.dir/build
gmake[1]: Entering directory `/root/inception.b/CMakeFiles/CMakeTmp'
/usr/bin/cmake -E cmake_progress_report /root/inception.b/CMakeFiles/CMakeTmp/CMakeFiles 1
Building C object CMakeFiles/cmTryCompileExec3270649512.dir/CheckFunctionExists.c.o
/usr/bin/cc   -Wall -DCHECK_FUNCTION_EXISTS=bmove   -o CMakeFiles/cmTryCompileExec3270649512.dir/CheckFunctionExists.c.o   -c /usr/share/cmake/Modules/CheckFunctionExists.c
Linking C executable cmTryCompileExec3270649512
/usr/bin/cmake -E cmake_link_script CMakeFiles/cmTryCompileExec3270649512.dir/link.txt --verbose=1
/usr/bin/cc   -Wall -DCHECK_FUNCTION_EXISTS=bmove    CMakeFiles/cmTryCompileExec3270649512.dir/CheckFunctionExists.c.o  -o cmTryCompileExec3270649512 -rdynamic -lm -lcrypt -ldl -lpthread 
CMakeFiles/cmTryCompileExec3270649512.dir/CheckFunctionExists.c.o: In function `main':
CheckFunctionExists.c:(.text+0x15): undefined reference to `bmove'
collect2: error: ld returned 1 exit status
gmake[1]: *** [cmTryCompileExec3270649512] Error 1
gmake[1]: Leaving directory `/root/inception.b/CMakeFiles/CMakeTmp'
gmake: *** [cmTryCompileExec3270649512/fast] Error 2


Determining if the function directio exists failed with the following output:
Change Dir: /root/inception.b/CMakeFiles/CMakeTmp

Run Build Command:/usr/bin/gmake "cmTryCompileExec1421603933/fast"
/usr/bin/gmake -f CMakeFiles/cmTryCompileExec1421603933.dir/build.make CMakeFiles/cmTryCompileExec1421603933.dir/build
gmake[1]: Entering directory `/root/inception.b/CMakeFiles/CMakeTmp'
/usr/bin/cmake -E cmake_progress_report /root/inception.b/CMakeFiles/CMakeTmp/CMakeFiles 1
Building C object CMakeFiles/cmTryCompileExec1421603933.dir/CheckFunctionExists.c.o
/usr/bin/cc   -Wall -DCHECK_FUNCTION_EXISTS=directio   -o CMakeFiles/cmTryCompileExec1421603933.dir/CheckFunctionExists.c.o   -c /usr/share/cmake/Modules/CheckFunctionExists.c
Linking C executable cmTryCompileExec1421603933
/usr/bin/cmake -E cmake_link_script CMakeFiles/cmTryCompileExec1421603933.dir/link.txt --verbose=1
/usr/bin/cc   -Wall -DCHECK_FUNCTION_EXISTS=directio    CMakeFiles/cmTryCompileExec1421603933.dir/CheckFunctionExists.c.o  -o cmTryCompileExec1421603933 -rdynamic -lm -lcrypt -ldl -lpthread 
CMakeFiles/cmTryCompileExec1421603933.dir/CheckFunctionExists.c.o: In function `main':
CheckFunctionExists.c:(.text+0x15): undefined reference to `directio'
collect2: error: ld returned 1 exit status
gmake[1]: *** [cmTryCompileExec1421603933] Error 1
gmake[1]: Leaving directory `/root/inception.b/CMakeFiles/CMakeTmp'
gmake: *** [cmTryCompileExec1421603933/fast] Error 2


Determining if the function _doprnt exists failed with the following output:
Change Dir: /root/inception.b/CMakeFiles/CMakeTmp

Run Build Command:/usr/bin/gmake "cmTryCompileExec3998905965/fast"
/usr/bin/gmake -f CMakeFiles/cmTryCompileExec3998905965.dir/build.make CMakeFiles/cmTryCompileExec3998905965.dir/build
gmake[1]: Entering directory `/root/inception.b/CMakeFiles/CMakeTmp'
/usr/bin/cmake -E cmake_progress_report /root/inception.b/CMakeFiles/CMakeTmp/CMakeFiles 1
Building C object CMakeFiles/cmTryCompileExec3998905965.dir/CheckFunctionExists.c.o
/usr/bin/cc   -Wall -DCHECK_FUNCTION_EXISTS=_doprnt   -o CMakeFiles/cmTryCompileExec3998905965.dir/CheckFunctionExists.c.o   -c /usr/share/cmake/Modules/CheckFunctionExists.c
Linking C executable cmTryCompileExec3998905965
/usr/bin/cmake -E cmake_link_script CMakeFiles/cmTryCompileExec3998905965.dir/link.txt --verbose=1
/usr/bin/cc   -Wall -DCHECK_FUNCTION_EXISTS=_doprnt    CMakeFiles/cmTryCompileExec3998905965.dir/CheckFunctionExists.c.o  -o cmTryCompileExec3998905965 -rdynamic -lm -lcrypt -ldl -lpthread 
CMakeFiles/cmTryCompileExec3998905965.dir/CheckFunctionExists.c.o: In function `main':
CheckFunctionExists.c:(.text+0x15): undefined reference to `_doprnt'
collect2: error: ld returned 1 exit status
gmake[1]: *** [cmTryCompileExec3998905965] Error 1
gmake[1]: Leaving directory `/root/inception.b/CMakeFiles/CMakeTmp'
gmake: *** [cmTryCompileExec3998905965/fast] Error 2


Determining if the function compress exists failed with the following output:
Change Dir: /root/inception.b/CMakeFiles/CMakeTmp

Run Build Command:/usr/bin/gmake "cmTryCompileExec3211333400/fast"
/usr/bin/gmake -f CMakeFiles/cmTryCompileExec3211333400.dir/build.make CMakeFiles/cmTryCompileExec3211333400.dir/build
gmake[1]: Entering directory `/root/inception.b/CMakeFiles/CMakeTmp'
/usr/bin/cmake -E cmake_progress_report /root/inception.b/CMakeFiles/CMakeTmp/CMakeFiles 1
Building C object CMakeFiles/cmTryCompileExec3211333400.dir/CheckFunctionExists.c.o
/usr/bin/cc   -Wall -DCHECK_FUNCTION_EXISTS=compress   -o CMakeFiles/cmTryCompileExec3211333400.dir/CheckFunctionExists.c.o   -c /usr/share/cmake/Modules/CheckFunctionExists.c
Linking C executable cmTryCompileExec3211333400
/usr/bin/cmake -E cmake_link_script CMakeFiles/cmTryCompileExec3211333400.dir/link.txt --verbose=1
/usr/bin/cc   -Wall -DCHECK_FUNCTION_EXISTS=compress    CMakeFiles/cmTryCompileExec3211333400.dir/CheckFunctionExists.c.o  -o cmTryCompileExec3211333400 -rdynamic -lm -lcrypt -ldl -lpthread 
CMakeFiles/cmTryCompileExec3211333400.dir/CheckFunctionExists.c.o: In function `main':
CheckFunctionExists.c:(.text+0x15): undefined reference to `compress'
collect2: error: ld returned 1 exit status
gmake[1]: *** [cmTryCompileExec3211333400] Error 1
gmake[1]: Leaving directory `/root/inception.b/CMakeFiles/CMakeTmp'
gmake: *** [cmTryCompileExec3211333400/fast] Error 2


Determining if the function fconvert exists failed with the following output:
Change Dir: /root/inception.b/CMakeFiles/CMakeTmp

Run Build Command:/usr/bin/gmake "cmTryCompileExec2446038649/fast"
/usr/bin/gmake -f CMakeFiles/cmTryCompileExec2446038649.dir/build.make CMakeFiles/cmTryCompileExec2446038649.dir/build
gmake[1]: Entering directory `/root/inception.b/CMakeFiles/CMakeTmp'
/usr/bin/cmake -E cmake_progress_report /root/inception.b/CMakeFiles/CMakeTmp/CMakeFiles 1
Building C object CMakeFiles/cmTryCompileExec2446038649.dir/CheckFunctionExists.c.o
/usr/bin/cc   -Wall -DCHECK_FUNCTION_EXISTS=fconvert   -o CMakeFiles/cmTryCompileExec2446038649.dir/CheckFunctionExists.c.o   -c /usr/share/cmake/Modules/CheckFunctionExists.c
Linking C executable cmTryCompileExec2446038649
/usr/bin/cmake -E cmake_link_script CMakeFiles/cmTryCompileExec2446038649.dir/link.txt --verbose=1
/usr/bin/cc   -Wall -DCHECK_FUNCTION_EXISTS=fconvert    CMakeFiles/cmTryCompileExec2446038649.dir/CheckFunctionExists.c.o  -o cmTryCompileExec2446038649 -rdynamic -lm -lcrypt -ldl -lpthread 
CMakeFiles/cmTryCompileExec2446038649.dir/CheckFunctionExists.c.o: In function `main':
CheckFunctionExists.c:(.text+0x15): undefined reference to `fconvert'
collect2: error: ld returned 1 exit status
gmake[1]: *** [cmTryCompileExec2446038649] Error 1
gmake[1]: Leaving directory `/root/inception.b/CMakeFiles/CMakeTmp'
gmake: *** [cmTryCompileExec2446038649/fast] Error 2


Determining if the function fpsetmask exists failed with the following output:
Change Dir: /root/inception.b/CMakeFiles/CMakeTmp

Run Build Command:/usr/bin/gmake "cmTryCompileExec2983427389/fast"
/usr/bin/gmake -f CMakeFiles/cmTryCompileExec2983427389.dir/build.make CMakeFiles/cmTryCompileExec2983427389.dir/build
gmake[1]: Entering directory `/root/inception.b/CMakeFiles/CMakeTmp'
/usr/bin/cmake -E cmake_progress_report /root/inception.b/CMakeFiles/CMakeTmp/CMakeFiles 1
Building C object CMakeFiles/cmTryCompileExec2983427389.dir/CheckFunctionExists.c.o
/usr/bin/cc   -Wall -DCHECK_FUNCTION_EXISTS=fpsetmask   -o CMakeFiles/cmTryCompileExec2983427389.dir/CheckFunctionExists.c.o   -c /usr/share/cmake/Modules/CheckFunctionExists.c
Linking C executable cmTryCompileExec2983427389
/usr/bin/cmake -E cmake_link_script CMakeFiles/cmTryCompileExec2983427389.dir/link.txt --verbose=1
/usr/bin/cc   -Wall -DCHECK_FUNCTION_EXISTS=fpsetmask    CMakeFiles/cmTryCompileExec2983427389.dir/CheckFunctionExists.c.o  -o cmTryCompileExec2983427389 -rdynamic -lm -lcrypt -ldl -lpthread 
CMakeFiles/cmTryCompileExec2983427389.dir/CheckFunctionExists.c.o: In function `main':
CheckFunctionExists.c:(.text+0x15): undefined reference to `fpsetmask'
collect2: error: ld returned 1 exit status
gmake[1]: *** [cmTryCompileExec2983427389] Error 1
gmake[1]: Leaving directory `/root/inception.b/CMakeFiles/CMakeTmp'
gmake: *** [cmTryCompileExec2983427389/fast] Error 2


Determining if the function gethrtime exists failed with the following output:
Change Dir: /root/inception.b/CMakeFiles/CMakeTmp

Run Build Command:/usr/bin/gmake "cmTryCompileExec713157714/fast"
/usr/bin/gmake -f CMakeFiles/cmTryCompileExec713157714.dir/build.make CMakeFiles/cmTryCompileExec713157714.dir/build
gmake[1]: Entering directory `/root/inception.b/CMakeFiles/CMakeTmp'
/usr/bin/cmake -E cmake_progress_report /root/inception.b/CMakeFiles/CMakeTmp/CMakeFiles 1
Building C object CMakeFiles/cmTryCompileExec713157714.dir/CheckFunctionExists.c.o
/usr/bin/cc   -Wall -DCHECK_FUNCTION_EXISTS=gethrtime   -o CMakeFiles/cmTryCompileExec713157714.dir/CheckFunctionExists.c.o   -c /usr/share/cmake/Modules/CheckFunctionExists.c
Linking C executable cmTryCompileExec713157714
/usr/bin/cmake -E cmake_link_script CMakeFiles/cmTryCompileExec713157714.dir/link.txt --verbose=1
/usr/bin/cc   -Wall -DCHECK_FUNCTION_EXISTS=gethrtime    CMakeFiles/cmTryCompileExec713157714.dir/CheckFunctionExists.c.o  -o cmTryCompileExec713157714 -rdynamic -lm -lcrypt -ldl -lpthread 
CMakeFiles/cmTryCompileExec713157714.dir/CheckFunctionExists.c.o: In function `main':
CheckFunctionExists.c:(.text+0x15): undefined reference to `gethrtime'
collect2: error: ld returned 1 exit status
gmake[1]: *** [cmTryCompileExec713157714] Error 1
gmake[1]: Leaving directory `/root/inception.b/CMakeFiles/CMakeTmp'
gmake: *** [cmTryCompileExec713157714/fast] Error 2


Determining if the function getpassphrase exists failed with the following output:
Change Dir: /root/inception.b/CMakeFiles/CMakeTmp

Run Build Command:/usr/bin/gmake "cmTryCompileExec2950748860/fast"
/usr/bin/gmake -f CMakeFiles/cmTryCompileExec2950748860.dir/build.make CMakeFiles/cmTryCompileExec2950748860.dir/build
gmake[1]: Entering directory `/root/inception.b/CMakeFiles/CMakeTmp'
/usr/bin/cmake -E cmake_progress_report /root/inception.b/CMakeFiles/CMakeTmp/CMakeFiles 1
Building C object CMakeFiles/cmTryCompileExec2950748860.dir/CheckFunctionExists.c.o
/usr/bin/cc   -Wall -DCHECK_FUNCTION_EXISTS=getpassphrase   -o CMakeFiles/cmTryCompileExec2950748860.dir/CheckFunctionExists.c.o   -c /usr/share/cmake/Modules/CheckFunctionExists.c
Linking C executable cmTryCompileExec2950748860
/usr/bin/cmake -E cmake_link_script CMakeFiles/cmTryCompileExec2950748860.dir/link.txt --verbose=1
/usr/bin/cc   -Wall -DCHECK_FUNCTION_EXISTS=getpassphrase    CMakeFiles/cmTryCompileExec2950748860.dir/CheckFunctionExists.c.o  -o cmTryCompileExec2950748860 -rdynamic -lm -lcrypt -ldl -lpthread 
CMakeFiles/cmTryCompileExec2950748860.dir/CheckFunctionExists.c.o: In function `main':
CheckFunctionExists.c:(.text+0x15): undefined reference to `getpassphrase'
collect2: error: ld returned 1 exit status
gmake[1]: *** [cmTryCompileExec2950748860] Error 1
gmake[1]: Leaving directory `/root/inception.b/CMakeFiles/CMakeTmp'
gmake: *** [cmTryCompileExec2950748860/fast] Error 2


Determining if the function issetugid exists failed with the following output:
Change Dir: /root/inception.b/CMakeFiles/CMakeTmp

Run Build Command:/usr/bin/gmake "cmTryCompileExec1881613717/fast"
/usr/bin/gmake -f CMakeFiles/cmTryCompileExec1881613717.dir/build.make CMakeFiles/cmTryCompileExec1881613717.dir/build
gmake[1]: Entering directory `/root/inception.b/CMakeFiles/CMakeTmp'
/usr/bin/cmake -E cmake_progress_report /root/inception.b/CMakeFiles/CMakeTmp/CMakeFiles 1
Building C object CMakeFiles/cmTryCompileExec1881613717.dir/CheckFunctionExists.c.o
/usr/bin/cc   -Wall -DCHECK_FUNCTION_EXISTS=issetugid   -o CMakeFiles/cmTryCompileExec1881613717.dir/CheckFunctionExists.c.o   -c /usr/share/cmake/Modules/CheckFunctionExists.c
Linking C executable cmTryCompileExec1881613717
/usr/bin/cmake -E cmake_link_script CMakeFiles/cmTryCompileExec1881613717.dir/link.txt --verbose=1
/usr/bin/cc   -Wall -DCHECK_FUNCTION_EXISTS=issetugid    CMakeFiles/cmTryCompileExec1881613717.dir/CheckFunctionExists.c.o  -o cmTryCompileExec1881613717 -rdynamic -lm -lcrypt -ldl -lpthread 
CMakeFiles/cmTryCompileExec1881613717.dir/CheckFunctionExists.c.o: In function `main':
CheckFunctionExists.c:(.text+0x15): undefined reference to `issetugid'
collect2: error: ld returned 1 exit status
gmake[1]: *** [cmTryCompileExec1881613717] Error 1
gmake[1]: Leaving directory `/root/inception.b/CMakeFiles/CMakeTmp'
gmake: *** [cmTryCompileExec1881613717/fast] Error 2


Determining if the function port_create exists failed with the following output:
Change Dir: /root/inception.b/CMakeFiles/CMakeTmp

Run Build Command:/usr/bin/gmake "cmTryCompileExec849792309/fast"
/usr/bin/gmake -f CMakeFiles/cmTryCompileExec849792309.dir/build.make CMakeFiles/cmTryCompileExec849792309.dir/build
gmake[1]: Entering directory `/root/inception.b/CMakeFiles/CMakeTmp'
/usr/bin/cmake -E cmake_progress_report /root/inception.b/CMakeFiles/CMakeTmp/CMakeFiles 1
Building C object CMakeFiles/cmTryCompileExec849792309.dir/CheckFunctionExists.c.o
/usr/bin/cc   -Wall -DCHECK_FUNCTION_EXISTS=port_create   -o CMakeFiles/cmTryCompileExec849792309.dir/CheckFunctionExists.c.o   -c /usr/share/cmake/Modules/CheckFunctionExists.c
Linking C executable cmTryCompileExec849792309
/usr/bin/cmake -E cmake_link_script CMakeFiles/cmTryCompileExec849792309.dir/link.txt --verbose=1
/usr/bin/cc   -Wall -DCHECK_FUNCTION_EXISTS=port_create    CMakeFiles/cmTryCompileExec849792309.dir/CheckFunctionExists.c.o  -o cmTryCompileExec849792309 -rdynamic -lm -lcrypt -ldl -lpthread 
CMakeFiles/cmTryCompileExec849792309.dir/CheckFunctionExists.c.o: In function `main':
CheckFunctionExists.c:(.text+0x15): undefined reference to `port_create'
collect2: error: ld returned 1 exit status
gmake[1]: *** [cmTryCompileExec849792309] Error 1
gmake[1]: Leaving directory `/root/inception.b/CMakeFiles/CMakeTmp'
gmake: *** [cmTryCompileExec849792309/fast] Error 2


Determining if the function pthread_attr_create exists failed with the following output:
Change Dir: /root/inception.b/CMakeFiles/CMakeTmp

Run Build Command:/usr/bin/gmake "cmTryCompileExec2839289323/fast"
/usr/bin/gmake -f CMakeFiles/cmTryCompileExec2839289323.dir/build.make CMakeFiles/cmTryCompileExec2839289323.dir/build
gmake[1]: Entering directory `/root/inception.b/CMakeFiles/CMakeTmp'
/usr/bin/cmake -E cmake_progress_report /root/inception.b/CMakeFiles/CMakeTmp/CMakeFiles 1
Building C object CMakeFiles/cmTryCompileExec2839289323.dir/CheckFunctionExists.c.o
/usr/bin/cc   -Wall -DCHECK_FUNCTION_EXISTS=pthread_attr_create   -o CMakeFiles/cmTryCompileExec2839289323.dir/CheckFunctionExists.c.o   -c /usr/share/cmake/Modules/CheckFunctionExists.c
Linking C executable cmTryCompileExec2839289323
/usr/bin/cmake -E cmake_link_script CMakeFiles/cmTryCompileExec2839289323.dir/link.txt --verbose=1
/usr/bin/cc   -Wall -DCHECK_FUNCTION_EXISTS=pthread_attr_create    CMakeFiles/cmTryCompileExec2839289323.dir/CheckFunctionExists.c.o  -o cmTryCompileExec2839289323 -rdynamic -lm -lcrypt -ldl -lpthread 
CMakeFiles/cmTryCompileExec2839289323.dir/CheckFunctionExists.c.o: In function `main':
CheckFunctionExists.c:(.text+0x15): undefined reference to `pthread_attr_create'
collect2: error: ld returned 1 exit status
gmake[1]: *** [cmTryCompileExec2839289323] Error 1
gmake[1]: Leaving directory `/root/inception.b/CMakeFiles/CMakeTmp'
gmake: *** [cmTryCompileExec2839289323/fast] Error 2


Determining if the function pthread_condattr_create exists failed with the following output:
Change Dir: /root/inception.b/CMakeFiles/CMakeTmp

Run Build Command:/usr/bin/gmake "cmTryCompileExec4117262922/fast"
/usr/bin/gmake -f CMakeFiles/cmTryCompileExec4117262922.dir/build.make CMakeFiles/cmTryCompileExec4117262922.dir/build
gmake[1]: Entering directory `/root/inception.b/CMakeFiles/CMakeTmp'
/usr/bin/cmake -E cmake_progress_report /root/inception.b/CMakeFiles/CMakeTmp/CMakeFiles 1
Building C object CMakeFiles/cmTryCompileExec4117262922.dir/CheckFunctionExists.c.o
/usr/bin/cc   -Wall -DCHECK_FUNCTION_EXISTS=pthread_condattr_create   -o CMakeFiles/cmTryCompileExec4117262922.dir/CheckFunctionExists.c.o   -c /usr/share/cmake/Modules/CheckFunctionExists.c
Linking C executable cmTryCompileExec4117262922
/usr/bin/cmake -E cmake_link_script CMakeFiles/cmTryCompileExec4117262922.dir/link.txt --verbose=1
/usr/bin/cc   -Wall -DCHECK_FUNCTION_EXISTS=pthread_condattr_create    CMakeFiles/cmTryCompileExec4117262922.dir/CheckFunctionExists.c.o  -o cmTryCompileExec4117262922 -rdynamic -lm -lcrypt -ldl -lpthread 
CMakeFiles/cmTryCompileExec4117262922.dir/CheckFunctionExists.c.o: In function `main':
CheckFunctionExists.c:(.text+0x15): undefined reference to `pthread_condattr_create'
collect2: error: ld returned 1 exit status
gmake[1]: *** [cmTryCompileExec4117262922] Error 1
gmake[1]: Leaving directory `/root/inception.b/CMakeFiles/CMakeTmp'
gmake: *** [cmTryCompileExec4117262922/fast] Error 2


Determining if the function pthread_threadmask exists failed with the following output:
Change Dir: /root/inception.b/CMakeFiles/CMakeTmp

Run Build Command:/usr/bin/gmake "cmTryCompileExec184523533/fast"
/usr/bin/gmake -f CMakeFiles/cmTryCompileExec184523533.dir/build.make CMakeFiles/cmTryCompileExec184523533.dir/build
gmake[1]: Entering directory `/root/inception.b/CMakeFiles/CMakeTmp'
/usr/bin/cmake -E cmake_progress_report /root/inception.b/CMakeFiles/CMakeTmp/CMakeFiles 1
Building C object CMakeFiles/cmTryCompileExec184523533.dir/CheckFunctionExists.c.o
/usr/bin/cc   -Wall -DCHECK_FUNCTION_EXISTS=pthread_threadmask   -o CMakeFiles/cmTryCompileExec184523533.dir/CheckFunctionExists.c.o   -c /usr/share/cmake/Modules/CheckFunctionExists.c
Linking C executable cmTryCompileExec184523533
/usr/bin/cmake -E cmake_link_script CMakeFiles/cmTryCompileExec184523533.dir/link.txt --verbose=1
/usr/bin/cc   -Wall -DCHECK_FUNCTION_EXISTS=pthread_threadmask    CMakeFiles/cmTryCompileExec184523533.dir/CheckFunctionExists.c.o  -o cmTryCompileExec184523533 -rdynamic -lm -lcrypt -ldl -lpthread 
CMakeFiles/cmTryCompileExec184523533.dir/CheckFunctionExists.c.o: In function `main':
CheckFunctionExists.c:(.text+0x15): undefined reference to `pthread_threadmask'
collect2: error: ld returned 1 exit status
gmake[1]: *** [cmTryCompileExec184523533] Error 1
gmake[1]: Leaving directory `/root/inception.b/CMakeFiles/CMakeTmp'
gmake: *** [cmTryCompileExec184523533/fast] Error 2


Determining if the function pthread_yield_np exists failed with the following output:
Change Dir: /root/inception.b/CMakeFiles/CMakeTmp

Run Build Command:/usr/bin/gmake "cmTryCompileExec3883097412/fast"
/usr/bin/gmake -f CMakeFiles/cmTryCompileExec3883097412.dir/build.make CMakeFiles/cmTryCompileExec3883097412.dir/build
gmake[1]: Entering directory `/root/inception.b/CMakeFiles/CMakeTmp'
/usr/bin/cmake -E cmake_progress_report /root/inception.b/CMakeFiles/CMakeTmp/CMakeFiles 1
Building C object CMakeFiles/cmTryCompileExec3883097412.dir/CheckFunctionExists.c.o
/usr/bin/cc   -Wall -DCHECK_FUNCTION_EXISTS=pthread_yield_np   -o CMakeFiles/cmTryCompileExec3883097412.dir/CheckFunctionExists.c.o   -c /usr/share/cmake/Modules/CheckFunctionExists.c
Linking C executable cmTryCompileExec3883097412
/usr/bin/cmake -E cmake_link_script CMakeFiles/cmTryCompileExec3883097412.dir/link.txt --verbose=1
/usr/bin/cc   -Wall -DCHECK_FUNCTION_EXISTS=pthread_yield_np    CMakeFiles/cmTryCompileExec3883097412.dir/CheckFunctionExists.c.o  -o cmTryCompileExec3883097412 -rdynamic -lm -lcrypt -ldl -lpthread 
CMakeFiles/cmTryCompileExec3883097412.dir/CheckFunctionExists.c.o: In function `main':
CheckFunctionExists.c:(.text+0x15): undefined reference to `pthread_yield_np'
collect2: error: ld returned 1 exit status
gmake[1]: *** [cmTryCompileExec3883097412] Error 1
gmake[1]: Leaving directory `/root/inception.b/CMakeFiles/CMakeTmp'
gmake: *** [cmTryCompileExec3883097412/fast] Error 2


Determining if the function rwlock_init exists failed with the following output:
Change Dir: /root/inception.b/CMakeFiles/CMakeTmp

Run Build Command:/usr/bin/gmake "cmTryCompileExec694738215/fast"
/usr/bin/gmake -f CMakeFiles/cmTryCompileExec694738215.dir/build.make CMakeFiles/cmTryCompileExec694738215.dir/build
gmake[1]: Entering directory `/root/inception.b/CMakeFiles/CMakeTmp'
/usr/bin/cmake -E cmake_progress_report /root/inception.b/CMakeFiles/CMakeTmp/CMakeFiles 1
Building C object CMakeFiles/cmTryCompileExec694738215.dir/CheckFunctionExists.c.o
/usr/bin/cc   -Wall -DCHECK_FUNCTION_EXISTS=rwlock_init   -o CMakeFiles/cmTryCompileExec694738215.dir/CheckFunctionExists.c.o   -c /usr/share/cmake/Modules/CheckFunctionExists.c
Linking C executable cmTryCompileExec694738215
/usr/bin/cmake -E cmake_link_script CMakeFiles/cmTryCompileExec694738215.dir/link.txt --verbose=1
/usr/bin/cc   -Wall -DCHECK_FUNCTION_EXISTS=rwlock_init    CMakeFiles/cmTryCompileExec694738215.dir/CheckFunctionExists.c.o  -o cmTryCompileExec694738215 -rdynamic -lm -lcrypt -ldl -lpthread 
CMakeFiles/cmTryCompileExec694738215.dir/CheckFunctionExists.c.o: In function `main':
CheckFunctionExists.c:(.text+0x15): undefined reference to `rwlock_init'
collect2: error: ld returned 1 exit status
gmake[1]: *** [cmTryCompileExec694738215] Error 1
gmake[1]: Leaving directory `/root/inception.b/CMakeFiles/CMakeTmp'
gmake: *** [cmTryCompileExec694738215/fast] Error 2


Determining if the function setfd exists failed with the following output:
Change Dir: /root/inception.b/CMakeFiles/CMakeTmp

Run Build Command:/usr/bin/gmake "cmTryCompileExec2993664229/fast"
/usr/bin/gmake -f CMakeFiles/cmTryCompileExec2993664229.dir/build.make CMakeFiles/cmTryCompileExec2993664229.dir/build
gmake[1]: Entering directory `/root/inception.b/CMakeFiles/CMakeTmp'
/usr/bin/cmake -E cmake_progress_report /root/inception.b/CMakeFiles/CMakeTmp/CMakeFiles 1
Building C object CMakeFiles/cmTryCompileExec2993664229.dir/CheckFunctionExists.c.o
/usr/bin/cc   -Wall -DCHECK_FUNCTION_EXISTS=setfd   -o CMakeFiles/cmTryCompileExec2993664229.dir/CheckFunctionExists.c.o   -c /usr/share/cmake/Modules/CheckFunctionExists.c
Linking C executable cmTryCompileExec2993664229
/usr/bin/cmake -E cmake_link_script CMakeFiles/cmTryCompileExec2993664229.dir/link.txt --verbose=1
/usr/bin/cc   -Wall -DCHECK_FUNCTION_EXISTS=setfd    CMakeFiles/cmTryCompileExec2993664229.dir/CheckFunctionExists.c.o  -o cmTryCompileExec2993664229 -rdynamic -lm -lcrypt -ldl -lpthread 
CMakeFiles/cmTryCompileExec2993664229.dir/CheckFunctionExists.c.o: In function `main':
CheckFunctionExists.c:(.text+0x15): undefined reference to `setfd'
collect2: error: ld returned 1 exit status
gmake[1]: *** [cmTryCompileExec2993664229] Error 1
gmake[1]: Leaving directory `/root/inception.b/CMakeFiles/CMakeTmp'
gmake: *** [cmTryCompileExec2993664229/fast] Error 2


Determining if the function sigthreadmask exists failed with the following output:
Change Dir: /root/inception.b/CMakeFiles/CMakeTmp

Run Build Command:/usr/bin/gmake "cmTryCompileExec2730515280/fast"
/usr/bin/gmake -f CMakeFiles/cmTryCompileExec2730515280.dir/build.make CMakeFiles/cmTryCompileExec2730515280.dir/build
gmake[1]: Entering directory `/root/inception.b/CMakeFiles/CMakeTmp'
/usr/bin/cmake -E cmake_progress_report /root/inception.b/CMakeFiles/CMakeTmp/CMakeFiles 1
Building C object CMakeFiles/cmTryCompileExec2730515280.dir/CheckFunctionExists.c.o
/usr/bin/cc   -Wall -DCHECK_FUNCTION_EXISTS=sigthreadmask   -o CMakeFiles/cmTryCompileExec2730515280.dir/CheckFunctionExists.c.o   -c /usr/share/cmake/Modules/CheckFunctionExists.c
Linking C executable cmTryCompileExec2730515280
/usr/bin/cmake -E cmake_link_script CMakeFiles/cmTryCompileExec2730515280.dir/link.txt --verbose=1
/usr/bin/cc   -Wall -DCHECK_FUNCTION_EXISTS=sigthreadmask    CMakeFiles/cmTryCompileExec2730515280.dir/CheckFunctionExists.c.o  -o cmTryCompileExec2730515280 -rdynamic -lm -lcrypt -ldl -lpthread 
CMakeFiles/cmTryCompileExec2730515280.dir/CheckFunctionExists.c.o: In function `main':
CheckFunctionExists.c:(.text+0x15): undefined reference to `sigthreadmask'
collect2: error: ld returned 1 exit status
gmake[1]: Leaving directory `/root/inception.b/CMakeFiles/CMakeTmp'
gmake[1]: *** [cmTryCompileExec2730515280] Error 1
gmake: *** [cmTryCompileExec2730515280/fast] Error 2


Determining if the function strlcpy exists failed with the following output:
Change Dir: /root/inception.b/CMakeFiles/CMakeTmp

Run Build Command:/usr/bin/gmake "cmTryCompileExec2652487516/fast"
/usr/bin/gmake -f CMakeFiles/cmTryCompileExec2652487516.dir/build.make CMakeFiles/cmTryCompileExec2652487516.dir/build
gmake[1]: Entering directory `/root/inception.b/CMakeFiles/CMakeTmp'
/usr/bin/cmake -E cmake_progress_report /root/inception.b/CMakeFiles/CMakeTmp/CMakeFiles 1
Building C object CMakeFiles/cmTryCompileExec2652487516.dir/CheckFunctionExists.c.o
/usr/bin/cc   -Wall -DCHECK_FUNCTION_EXISTS=strlcpy   -o CMakeFiles/cmTryCompileExec2652487516.dir/CheckFunctionExists.c.o   -c /usr/share/cmake/Modules/CheckFunctionExists.c
Linking C executable cmTryCompileExec2652487516
/usr/bin/cmake -E cmake_link_script CMakeFiles/cmTryCompileExec2652487516.dir/link.txt --verbose=1
/usr/bin/cc   -Wall -DCHECK_FUNCTION_EXISTS=strlcpy    CMakeFiles/cmTryCompileExec2652487516.dir/CheckFunctionExists.c.o  -o cmTryCompileExec2652487516 -rdynamic -lm -lcrypt -ldl -lpthread 
CMakeFiles/cmTryCompileExec2652487516.dir/CheckFunctionExists.c.o: In function `main':
CheckFunctionExists.c:(.text+0x15): undefined reference to `strlcpy'
collect2: error: ld returned 1 exit status
gmake[1]: *** [cmTryCompileExec2652487516] Error 1
gmake[1]: Leaving directory `/root/inception.b/CMakeFiles/CMakeTmp'
gmake: *** [cmTryCompileExec2652487516/fast] Error 2


Determining if the function strlcat exists failed with the following output:
Change Dir: /root/inception.b/CMakeFiles/CMakeTmp

Run Build Command:/usr/bin/gmake "cmTryCompileExec97464012/fast"
/usr/bin/gmake -f CMakeFiles/cmTryCompileExec97464012.dir/build.make CMakeFiles/cmTryCompileExec97464012.dir/build
gmake[1]: Entering directory `/root/inception.b/CMakeFiles/CMakeTmp'
/usr/bin/cmake -E cmake_progress_report /root/inception.b/CMakeFiles/CMakeTmp/CMakeFiles 1
Building C object CMakeFiles/cmTryCompileExec97464012.dir/CheckFunctionExists.c.o
/usr/bin/cc   -Wall -DCHECK_FUNCTION_EXISTS=strlcat   -o CMakeFiles/cmTryCompileExec97464012.dir/CheckFunctionExists.c.o   -c /usr/share/cmake/Modules/CheckFunctionExists.c
Linking C executable cmTryCompileExec97464012
/usr/bin/cmake -E cmake_link_script CMakeFiles/cmTryCompileExec97464012.dir/link.txt --verbose=1
/usr/bin/cc   -Wall -DCHECK_FUNCTION_EXISTS=strlcat    CMakeFiles/cmTryCompileExec97464012.dir/CheckFunctionExists.c.o  -o cmTryCompileExec97464012 -rdynamic -lm -lcrypt -ldl -lpthread 
CMakeFiles/cmTryCompileExec97464012.dir/CheckFunctionExists.c.o: In function `main':
CheckFunctionExists.c:(.text+0x15): undefined reference to `strlcat'
collect2: error: ld returned 1 exit status
gmake[1]: *** [cmTryCompileExec97464012] Error 1
gmake[1]: Leaving directory `/root/inception.b/CMakeFiles/CMakeTmp'
gmake: *** [cmTryCompileExec97464012/fast] Error 2


Determining if the function fgetln exists failed with the following output:
Change Dir: /root/inception.b/CMakeFiles/CMakeTmp

Run Build Command:/usr/bin/gmake "cmTryCompileExec2583580793/fast"
/usr/bin/gmake -f CMakeFiles/cmTryCompileExec2583580793.dir/build.make CMakeFiles/cmTryCompileExec2583580793.dir/build
gmake[1]: Entering directory `/root/inception.b/CMakeFiles/CMakeTmp'
/usr/bin/cmake -E cmake_progress_report /root/inception.b/CMakeFiles/CMakeTmp/CMakeFiles 1
Building C object CMakeFiles/cmTryCompileExec2583580793.dir/CheckFunctionExists.c.o
/usr/bin/cc   -Wall -DCHECK_FUNCTION_EXISTS=fgetln   -o CMakeFiles/cmTryCompileExec2583580793.dir/CheckFunctionExists.c.o   -c /usr/share/cmake/Modules/CheckFunctionExists.c
Linking C executable cmTryCompileExec2583580793
/usr/bin/cmake -E cmake_link_script CMakeFiles/cmTryCompileExec2583580793.dir/link.txt --verbose=1
/usr/bin/cc   -Wall -DCHECK_FUNCTION_EXISTS=fgetln    CMakeFiles/cmTryCompileExec2583580793.dir/CheckFunctionExists.c.o  -o cmTryCompileExec2583580793 -rdynamic -lm -lcrypt -ldl -lpthread 
CMakeFiles/cmTryCompileExec2583580793.dir/CheckFunctionExists.c.o: In function `main':
CheckFunctionExists.c:(.text+0x15): undefined reference to `fgetln'
collect2: error: ld returned 1 exit status
gmake[1]: *** [cmTryCompileExec2583580793] Error 1
gmake[1]: Leaving directory `/root/inception.b/CMakeFiles/CMakeTmp'
gmake: *** [cmTryCompileExec2583580793/fast] Error 2


Determining if the function tell exists failed with the following output:
Change Dir: /root/inception.b/CMakeFiles/CMakeTmp

Run Build Command:/usr/bin/gmake "cmTryCompileExec2563770144/fast"
/usr/bin/gmake -f CMakeFiles/cmTryCompileExec2563770144.dir/build.make CMakeFiles/cmTryCompileExec2563770144.dir/build
gmake[1]: Entering directory `/root/inception.b/CMakeFiles/CMakeTmp'
/usr/bin/cmake -E cmake_progress_report /root/inception.b/CMakeFiles/CMakeTmp/CMakeFiles 1
Building C object CMakeFiles/cmTryCompileExec2563770144.dir/CheckFunctionExists.c.o
/usr/bin/cc   -Wall -DCHECK_FUNCTION_EXISTS=tell   -o CMakeFiles/cmTryCompileExec2563770144.dir/CheckFunctionExists.c.o   -c /usr/share/cmake/Modules/CheckFunctionExists.c
Linking C executable cmTryCompileExec2563770144
/usr/bin/cmake -E cmake_link_script CMakeFiles/cmTryCompileExec2563770144.dir/link.txt --verbose=1
/usr/bin/cc   -Wall -DCHECK_FUNCTION_EXISTS=tell    CMakeFiles/cmTryCompileExec2563770144.dir/CheckFunctionExists.c.o  -o cmTryCompileExec2563770144 -rdynamic -lm -lcrypt -ldl -lpthread 
CMakeFiles/cmTryCompileExec2563770144.dir/CheckFunctionExists.c.o: In function `main':
CheckFunctionExists.c:(.text+0x15): undefined reference to `tell'
collect2: error: ld returned 1 exit status
gmake[1]: *** [cmTryCompileExec2563770144] Error 1
gmake[1]: Leaving directory `/root/inception.b/CMakeFiles/CMakeTmp'
gmake: *** [cmTryCompileExec2563770144/fast] Error 2


Determining if the function thr_setconcurrency exists failed with the following output:
Change Dir: /root/inception.b/CMakeFiles/CMakeTmp

Run Build Command:/usr/bin/gmake "cmTryCompileExec1992507295/fast"
/usr/bin/gmake -f CMakeFiles/cmTryCompileExec1992507295.dir/build.make CMakeFiles/cmTryCompileExec1992507295.dir/build
gmake[1]: Entering directory `/root/inception.b/CMakeFiles/CMakeTmp'
/usr/bin/cmake -E cmake_progress_report /root/inception.b/CMakeFiles/CMakeTmp/CMakeFiles 1
Building C object CMakeFiles/cmTryCompileExec1992507295.dir/CheckFunctionExists.c.o
/usr/bin/cc   -Wall -DCHECK_FUNCTION_EXISTS=thr_setconcurrency   -o CMakeFiles/cmTryCompileExec1992507295.dir/CheckFunctionExists.c.o   -c /usr/share/cmake/Modules/CheckFunctionExists.c
Linking C executable cmTryCompileExec1992507295
/usr/bin/cmake -E cmake_link_script CMakeFiles/cmTryCompileExec1992507295.dir/link.txt --verbose=1
/usr/bin/cc   -Wall -DCHECK_FUNCTION_EXISTS=thr_setconcurrency    CMakeFiles/cmTryCompileExec1992507295.dir/CheckFunctionExists.c.o  -o cmTryCompileExec1992507295 -rdynamic -lm -lcrypt -ldl -lpthread 
CMakeFiles/cmTryCompileExec1992507295.dir/CheckFunctionExists.c.o: In function `main':
CheckFunctionExists.c:(.text+0x15): undefined reference to `thr_setconcurrency'
collect2: error: ld returned 1 exit status
gmake[1]: *** [cmTryCompileExec1992507295] Error 1
gmake[1]: Leaving directory `/root/inception.b/CMakeFiles/CMakeTmp'
gmake: *** [cmTryCompileExec1992507295/fast] Error 2


Determining if the function thr_yield exists failed with the following output:
Change Dir: /root/inception.b/CMakeFiles/CMakeTmp

Run Build Command:/usr/bin/gmake "cmTryCompileExec1526488/fast"
/usr/bin/gmake -f CMakeFiles/cmTryCompileExec1526488.dir/build.make CMakeFiles/cmTryCompileExec1526488.dir/build
gmake[1]: Entering directory `/root/inception.b/CMakeFiles/CMakeTmp'
/usr/bin/cmake -E cmake_progress_report /root/inception.b/CMakeFiles/CMakeTmp/CMakeFiles 1
Building C object CMakeFiles/cmTryCompileExec1526488.dir/CheckFunctionExists.c.o
/usr/bin/cc   -Wall -DCHECK_FUNCTION_EXISTS=thr_yield   -o CMakeFiles/cmTryCompileExec1526488.dir/CheckFunctionExists.c.o   -c /usr/share/cmake/Modules/CheckFunctionExists.c
Linking C executable cmTryCompileExec1526488
/usr/bin/cmake -E cmake_link_script CMakeFiles/cmTryCompileExec1526488.dir/link.txt --verbose=1
/usr/bin/cc   -Wall -DCHECK_FUNCTION_EXISTS=thr_yield    CMakeFiles/cmTryCompileExec1526488.dir/CheckFunctionExists.c.o  -o cmTryCompileExec1526488 -rdynamic -lm -lcrypt -ldl -lpthread 
CMakeFiles/cmTryCompileExec1526488.dir/CheckFunctionExists.c.o: In function `main':
CheckFunctionExists.c:(.text+0x15): undefined reference to `thr_yield'
collect2: error: ld returned 1 exit status
gmake[1]: *** [cmTryCompileExec1526488] Error 1
gmake[1]: Leaving directory `/root/inception.b/CMakeFiles/CMakeTmp'
gmake: *** [cmTryCompileExec1526488/fast] Error 2


Determining if the function ntohll exists failed with the following output:
Change Dir: /root/inception.b/CMakeFiles/CMakeTmp

Run Build Command:/usr/bin/gmake "cmTryCompileExec1703712308/fast"
/usr/bin/gmake -f CMakeFiles/cmTryCompileExec1703712308.dir/build.make CMakeFiles/cmTryCompileExec1703712308.dir/build
gmake[1]: Entering directory `/root/inception.b/CMakeFiles/CMakeTmp'
/usr/bin/cmake -E cmake_progress_report /root/inception.b/CMakeFiles/CMakeTmp/CMakeFiles 1
Building C object CMakeFiles/cmTryCompileExec1703712308.dir/CheckFunctionExists.c.o
/usr/bin/cc   -Wall -DCHECK_FUNCTION_EXISTS=ntohll   -o CMakeFiles/cmTryCompileExec1703712308.dir/CheckFunctionExists.c.o   -c /usr/share/cmake/Modules/CheckFunctionExists.c
Linking C executable cmTryCompileExec1703712308
/usr/bin/cmake -E cmake_link_script CMakeFiles/cmTryCompileExec1703712308.dir/link.txt --verbose=1
/usr/bin/cc   -Wall -DCHECK_FUNCTION_EXISTS=ntohll    CMakeFiles/cmTryCompileExec1703712308.dir/CheckFunctionExists.c.o  -o cmTryCompileExec1703712308 -rdynamic -lm -lcrypt -ldl -lpthread 
CMakeFiles/cmTryCompileExec1703712308.dir/CheckFunctionExists.c.o: In function `main':
CheckFunctionExists.c:(.text+0x15): undefined reference to `ntohll'
collect2: error: ld returned 1 exit status
gmake[1]: *** [cmTryCompileExec1703712308] Error 1
gmake[1]: Leaving directory `/root/inception.b/CMakeFiles/CMakeTmp'
gmake: *** [cmTryCompileExec1703712308/fast] Error 2


Determining if the function kqueue exists failed with the following output:
Change Dir: /root/inception.b/CMakeFiles/CMakeTmp

Run Build Command:/usr/bin/gmake "cmTryCompileExec1134883004/fast"
/usr/bin/gmake -f CMakeFiles/cmTryCompileExec1134883004.dir/build.make CMakeFiles/cmTryCompileExec1134883004.dir/build
gmake[1]: Entering directory `/root/inception.b/CMakeFiles/CMakeTmp'
/usr/bin/cmake -E cmake_progress_report /root/inception.b/CMakeFiles/CMakeTmp/CMakeFiles 1
Building C object CMakeFiles/cmTryCompileExec1134883004.dir/CheckFunctionExists.c.o
/usr/bin/cc   -Wall -DCHECK_FUNCTION_EXISTS=kqueue   -o CMakeFiles/cmTryCompileExec1134883004.dir/CheckFunctionExists.c.o   -c /usr/share/cmake/Modules/CheckFunctionExists.c
Linking C executable cmTryCompileExec1134883004
/usr/bin/cmake -E cmake_link_script CMakeFiles/cmTryCompileExec1134883004.dir/link.txt --verbose=1
/usr/bin/cc   -Wall -DCHECK_FUNCTION_EXISTS=kqueue    CMakeFiles/cmTryCompileExec1134883004.dir/CheckFunctionExists.c.o  -o cmTryCompileExec1134883004 -rdynamic -lm -lcrypt -ldl -lpthread 
CMakeFiles/cmTryCompileExec1134883004.dir/CheckFunctionExists.c.o: In function `main':
CheckFunctionExists.c:(.text+0x15): undefined reference to `kqueue'
collect2: error: ld returned 1 exit status
gmake[1]: *** [cmTryCompileExec1134883004] Error 1
gmake[1]: Leaving directory `/root/inception.b/CMakeFiles/CMakeTmp'
gmake: *** [cmTryCompileExec1134883004/fast] Error 2


Determining if the function kqueue exists failed with the following output:
Change Dir: /root/inception.b/CMakeFiles/CMakeTmp

Run Build Command:/usr/bin/gmake "cmTryCompileExec1626226697/fast"
/usr/bin/gmake -f CMakeFiles/cmTryCompileExec1626226697.dir/build.make CMakeFiles/cmTryCompileExec1626226697.dir/build
gmake[1]: Entering directory `/root/inception.b/CMakeFiles/CMakeTmp'
/usr/bin/cmake -E cmake_progress_report /root/inception.b/CMakeFiles/CMakeTmp/CMakeFiles 1
Building C object CMakeFiles/cmTryCompileExec1626226697.dir/CheckFunctionExists.c.o
/usr/bin/cc   -Wall -DCHECK_FUNCTION_EXISTS=kqueue   -o CMakeFiles/cmTryCompileExec1626226697.dir/CheckFunctionExists.c.o   -c /usr/share/cmake/Modules/CheckFunctionExists.c
Linking C executable cmTryCompileExec1626226697
/usr/bin/cmake -E cmake_link_script CMakeFiles/cmTryCompileExec1626226697.dir/link.txt --verbose=1
/usr/bin/cc   -Wall -DCHECK_FUNCTION_EXISTS=kqueue    CMakeFiles/cmTryCompileExec1626226697.dir/CheckFunctionExists.c.o  -o cmTryCompileExec1626226697 -rdynamic -lm -lcrypt -ldl -lpthread 
CMakeFiles/cmTryCompileExec1626226697.dir/CheckFunctionExists.c.o: In function `main':
CheckFunctionExists.c:(.text+0x15): undefined reference to `kqueue'
collect2: error: ld returned 1 exit status
gmake[1]: *** [cmTryCompileExec1626226697] Error 1
gmake[1]: Leaving directory `/root/inception.b/CMakeFiles/CMakeTmp'
gmake: *** [cmTryCompileExec1626226697/fast] Error 2


Determining if files ia64intrin.h exist failed with the following output:
Change Dir: /root/inception.b/CMakeFiles/CMakeTmp

Run Build Command:/usr/bin/gmake "cmTryCompileExec2279856259/fast"
/usr/bin/gmake -f CMakeFiles/cmTryCompileExec2279856259.dir/build.make CMakeFiles/cmTryCompileExec2279856259.dir/build
gmake[1]: Entering directory `/root/inception.b/CMakeFiles/CMakeTmp'
/usr/bin/cmake -E cmake_progress_report /root/inception.b/CMakeFiles/CMakeTmp/CMakeFiles 1
Building C object CMakeFiles/cmTryCompileExec2279856259.dir/CheckIncludeFiles.c.o
/usr/bin/cc   -Wall    -o CMakeFiles/cmTryCompileExec2279856259.dir/CheckIncludeFiles.c.o   -c /root/inception.b/CMakeFiles/CMakeTmp/CheckIncludeFiles.c
/root/inception.b/CMakeFiles/CMakeTmp/CheckIncludeFiles.c:2:24: fatal error: ia64intrin.h: No such file or directory
 #include <ia64intrin.h>
                        ^
compilation terminated.
gmake[1]: *** [CMakeFiles/cmTryCompileExec2279856259.dir/CheckIncludeFiles.c.o] Error 1
gmake[1]: Leaving directory `/root/inception.b/CMakeFiles/CMakeTmp'
gmake: *** [cmTryCompileExec2279856259/fast] Error 2

Source:
/* */
#include <ia64intrin.h>


int main(){return 0;}

Determining if the function read_real_time exists failed with the following output:
Change Dir: /root/inception.b/CMakeFiles/CMakeTmp

Run Build Command:/usr/bin/gmake "cmTryCompileExec2588304133/fast"
/usr/bin/gmake -f CMakeFiles/cmTryCompileExec2588304133.dir/build.make CMakeFiles/cmTryCompileExec2588304133.dir/build
gmake[1]: Entering directory `/root/inception.b/CMakeFiles/CMakeTmp'
/usr/bin/cmake -E cmake_progress_report /root/inception.b/CMakeFiles/CMakeTmp/CMakeFiles 1
Building C object CMakeFiles/cmTryCompileExec2588304133.dir/CheckFunctionExists.c.o
/usr/bin/cc   -Wall -DCHECK_FUNCTION_EXISTS=read_real_time   -o CMakeFiles/cmTryCompileExec2588304133.dir/CheckFunctionExists.c.o   -c /usr/share/cmake/Modules/CheckFunctionExists.c
Linking C executable cmTryCompileExec2588304133
/usr/bin/cmake -E cmake_link_script CMakeFiles/cmTryCompileExec2588304133.dir/link.txt --verbose=1
/usr/bin/cc   -Wall -DCHECK_FUNCTION_EXISTS=read_real_time    CMakeFiles/cmTryCompileExec2588304133.dir/CheckFunctionExists.c.o  -o cmTryCompileExec2588304133 -rdynamic -lm -lcrypt -ldl -lpthread 
CMakeFiles/cmTryCompileExec2588304133.dir/CheckFunctionExists.c.o: In function `main':
CheckFunctionExists.c:(.text+0x15): undefined reference to `read_real_time'
collect2: error: ld returned 1 exit status
gmake[1]: *** [cmTryCompileExec2588304133] Error 1
gmake[1]: Leaving directory `/root/inception.b/CMakeFiles/CMakeTmp'
gmake: *** [cmTryCompileExec2588304133/fast] Error 2


Determining if the function rdtscll exists failed with the following output:
Change Dir: /root/inception.b/CMakeFiles/CMakeTmp

Run Build Command:/usr/bin/gmake "cmTryCompileExec2040140899/fast"
/usr/bin/gmake -f CMakeFiles/cmTryCompileExec2040140899.dir/build.make CMakeFiles/cmTryCompileExec2040140899.dir/build
gmake[1]: Entering directory `/root/inception.b/CMakeFiles/CMakeTmp'
/usr/bin/cmake -E cmake_progress_report /root/inception.b/CMakeFiles/CMakeTmp/CMakeFiles 1
Building C object CMakeFiles/cmTryCompileExec2040140899.dir/CheckFunctionExists.c.o
/usr/bin/cc   -Wall -DCHECK_FUNCTION_EXISTS=rdtscll   -o CMakeFiles/cmTryCompileExec2040140899.dir/CheckFunctionExists.c.o   -c /usr/share/cmake/Modules/CheckFunctionExists.c
Linking C executable cmTryCompileExec2040140899
/usr/bin/cmake -E cmake_link_script CMakeFiles/cmTryCompileExec2040140899.dir/link.txt --verbose=1
/usr/bin/cc   -Wall -DCHECK_FUNCTION_EXISTS=rdtscll    CMakeFiles/cmTryCompileExec2040140899.dir/CheckFunctionExists.c.o  -o cmTryCompileExec2040140899 -rdynamic -lm -lcrypt -ldl -lpthread 
CMakeFiles/cmTryCompileExec2040140899.dir/CheckFunctionExists.c.o: In function `main':
CheckFunctionExists.c:(.text+0x15): undefined reference to `rdtscll'
collect2: error: ld returned 1 exit status
gmake[1]: *** [cmTryCompileExec2040140899] Error 1
gmake[1]: Leaving directory `/root/inception.b/CMakeFiles/CMakeTmp'
gmake: *** [cmTryCompileExec2040140899/fast] Error 2


Determining if the TIOCSTAT exist failed with the following output:
Change Dir: /root/inception.b/CMakeFiles/CMakeTmp

Run Build Command:/usr/bin/gmake "cmTryCompileExec3250055556/fast"
/usr/bin/gmake -f CMakeFiles/cmTryCompileExec3250055556.dir/build.make CMakeFiles/cmTryCompileExec3250055556.dir/build
gmake[1]: Entering directory `/root/inception.b/CMakeFiles/CMakeTmp'
/usr/bin/cmake -E cmake_progress_report /root/inception.b/CMakeFiles/CMakeTmp/CMakeFiles 1
Building C object CMakeFiles/cmTryCompileExec3250055556.dir/CheckSymbolExists.c.o
/usr/bin/cc   -Wall    -o CMakeFiles/cmTryCompileExec3250055556.dir/CheckSymbolExists.c.o   -c /root/inception.b/CMakeFiles/CMakeTmp/CheckSymbolExists.c
/root/inception.b/CMakeFiles/CMakeTmp/CheckSymbolExists.c: In function ‘main’:
/root/inception.b/CMakeFiles/CMakeTmp/CheckSymbolExists.c:8:19: error: ‘TIOCSTAT’ undeclared (first use in this function)
   return ((int*)(&TIOCSTAT))[argc];
                   ^
/root/inception.b/CMakeFiles/CMakeTmp/CheckSymbolExists.c:8:19: note: each undeclared identifier is reported only once for each function it appears in
/root/inception.b/CMakeFiles/CMakeTmp/CheckSymbolExists.c:13:1: warning: control reaches end of non-void function [-Wreturn-type]
 }
 ^
gmake[1]: *** [CMakeFiles/cmTryCompileExec3250055556.dir/CheckSymbolExists.c.o] Error 1
gmake[1]: Leaving directory `/root/inception.b/CMakeFiles/CMakeTmp'
gmake: *** [cmTryCompileExec3250055556/fast] Error 2

File /root/inception.b/CMakeFiles/CMakeTmp/CheckSymbolExists.c:
/* */
#include <sys/ioctl.h>

int main(int argc, char** argv)
{
  (void)argv;
#ifndef TIOCSTAT
  return ((int*)(&TIOCSTAT))[argc];
#else
  (void)argc;
  return 0;
#endif
}

Determining if the FIONREAD exist failed with the following output:
Change Dir: /root/inception.b/CMakeFiles/CMakeTmp

Run Build Command:/usr/bin/gmake "cmTryCompileExec2988095944/fast"
/usr/bin/gmake -f CMakeFiles/cmTryCompileExec2988095944.dir/build.make CMakeFiles/cmTryCompileExec2988095944.dir/build
gmake[1]: Entering directory `/root/inception.b/CMakeFiles/CMakeTmp'
/usr/bin/cmake -E cmake_progress_report /root/inception.b/CMakeFiles/CMakeTmp/CMakeFiles 1
Building C object CMakeFiles/cmTryCompileExec2988095944.dir/CheckSymbolExists.c.o
/usr/bin/cc   -Wall    -o CMakeFiles/cmTryCompileExec2988095944.dir/CheckSymbolExists.c.o   -c /root/inception.b/CMakeFiles/CMakeTmp/CheckSymbolExists.c
/root/inception.b/CMakeFiles/CMakeTmp/CheckSymbolExists.c:2:23: fatal error: sys/filio.h: No such file or directory
 #include <sys/filio.h>
                       ^
compilation terminated.
gmake[1]: *** [CMakeFiles/cmTryCompileExec2988095944.dir/CheckSymbolExists.c.o] Error 1
gmake[1]: Leaving directory `/root/inception.b/CMakeFiles/CMakeTmp'
gmake: *** [cmTryCompileExec2988095944/fast] Error 2

File /root/inception.b/CMakeFiles/CMakeTmp/CheckSymbolExists.c:
/* */
#include <sys/filio.h>

int main(int argc, char** argv)
{
  (void)argv;
#ifndef FIONREAD
  return ((int*)(&FIONREAD))[argc];
#else
  (void)argc;
  return 0;
#endif
}

Determining if the system is big endian passed with the following output:
Change Dir: /root/inception.b/CMakeFiles/CMakeTmp

Run Build Command:/usr/bin/gmake "cmTryCompileExec2969153189/fast"
/usr/bin/gmake -f CMakeFiles/cmTryCompileExec2969153189.dir/build.make CMakeFiles/cmTryCompileExec2969153189.dir/build
gmake[1]: Entering directory `/root/inception.b/CMakeFiles/CMakeTmp'
/usr/bin/cmake -E cmake_progress_report /root/inception.b/CMakeFiles/CMakeTmp/CMakeFiles 1
Building C object CMakeFiles/cmTryCompileExec2969153189.dir/TestEndianess.c.o
/usr/bin/cc   -Wall    -o CMakeFiles/cmTryCompileExec2969153189.dir/TestEndianess.c.o   -c /root/inception.b/CMakeFiles/CMakeTmp/TestEndianess.c
Linking C executable cmTryCompileExec2969153189
/usr/bin/cmake -E cmake_link_script CMakeFiles/cmTryCompileExec2969153189.dir/link.txt --verbose=1
/usr/bin/cc   -Wall     CMakeFiles/cmTryCompileExec2969153189.dir/TestEndianess.c.o  -o cmTryCompileExec2969153189 -rdynamic 
gmake[1]: Leaving directory `/root/inception.b/CMakeFiles/CMakeTmp'

TestEndianess.c:
/* A 16 bit integer is required. */
typedef unsigned short cmakeint16;

/* On a little endian machine, these 16bit ints will give "THIS IS LITTLE ENDIAN."
   On a big endian machine the characters will be exchanged pairwise. */
const cmakeint16 info_little[] =  {0x4854, 0x5349, 0x4920, 0x2053, 0x494c, 0x5454, 0x454c, 0x4520, 0x444e, 0x4149, 0x2e4e, 0x0000};

/* on a big endian machine, these 16bit ints will give "THIS IS BIG ENDIAN."
   On a little endian machine the characters will be exchanged pairwise. */
const cmakeint16 info_big[] =     {0x5448, 0x4953, 0x2049, 0x5320, 0x4249, 0x4720, 0x454e, 0x4449, 0x414e, 0x2e2e, 0x0000};

#ifdef __CLASSIC_C__
int main(argc, argv) int argc; char *argv[];
#else
int main(int argc, char *argv[])
#endif
{
  int require = 0;
  require += info_little[argc];
  require += info_big[argc];
  (void)argv;
  return require;
}


Determining size of uchar failed with the following output:
Change Dir: /root/inception.b/CMakeFiles/CMakeTmp

Run Build Command:/usr/bin/gmake "cmTryCompileExec2198052779/fast"
/usr/bin/gmake -f CMakeFiles/cmTryCompileExec2198052779.dir/build.make CMakeFiles/cmTryCompileExec2198052779.dir/build
gmake[1]: Entering directory `/root/inception.b/CMakeFiles/CMakeTmp'
/usr/bin/cmake -E cmake_progress_report /root/inception.b/CMakeFiles/CMakeTmp/CMakeFiles 1
Building C object CMakeFiles/cmTryCompileExec2198052779.dir/SIZEOF_UCHAR.c.o
/usr/bin/cc  -D_FILE_OFFSET_BITS=64 -D_LARGEFILE_SOURCE -D_LARGE_FILES -D__STDC_CONSTANT_MACROS -D__STDC_FORMAT_MACROS -D__STDC_LIMIT_MACROS -Wall    -o CMakeFiles/cmTryCompileExec2198052779.dir/SIZEOF_UCHAR.c.o   -c /root/inception.b/CMakeFiles/CheckTypeSize/SIZEOF_UCHAR.c
/root/inception.b/CMakeFiles/CheckTypeSize/SIZEOF_UCHAR.c:19:22: error: ‘uchar’ undeclared here (not in a function)
 #define SIZE (sizeof(uchar))
                      ^
/root/inception.b/CMakeFiles/CheckTypeSize/SIZEOF_UCHAR.c:21:12: note: in expansion of macro ‘SIZE’
   ('0' + ((SIZE / 10000)%10)),
            ^
gmake[1]: *** [CMakeFiles/cmTryCompileExec2198052779.dir/SIZEOF_UCHAR.c.o] Error 1
gmake[1]: Leaving directory `/root/inception.b/CMakeFiles/CMakeTmp'
gmake: *** [cmTryCompileExec2198052779/fast] Error 2

/root/inception.b/CMakeFiles/CheckTypeSize/SIZEOF_UCHAR.c:
#include <sys/types.h>
#include <stdint.h>
#include <stddef.h>
#include "stdio.h"
#include "sys/types.h"


#undef KEY
#if defined(__i386)
# define KEY '_','_','i','3','8','6'
#elif defined(__x86_64)
# define KEY '_','_','x','8','6','_','6','4'
#elif defined(__ppc__)
# define KEY '_','_','p','p','c','_','_'
#elif defined(__ppc64__)
# define KEY '_','_','p','p','c','6','4','_','_'
#endif

#define SIZE (sizeof(uchar))
char info_size[] =  {'I', 'N', 'F', 'O', ':', 's','i','z','e','[',
  ('0' + ((SIZE / 10000)%10)),
  ('0' + ((SIZE / 1000)%10)),
  ('0' + ((SIZE / 100)%10)),
  ('0' + ((SIZE / 10)%10)),
  ('0' +  (SIZE    % 10)),
  ']',
#ifdef KEY
  ' ','k','e','y','[', KEY, ']',
#endif
  '\0'};

#ifdef __CLASSIC_C__
int main(argc, argv) int argc; char *argv[];
#else
int main(int argc, char *argv[])
#endif
{
  int require = 0;
  require += info_size[argc];
  (void)argv;
  return require;
}


Determining size of int8 failed with the following output:
Change Dir: /root/inception.b/CMakeFiles/CMakeTmp

Run Build Command:/usr/bin/gmake "cmTryCompileExec1014365115/fast"
/usr/bin/gmake -f CMakeFiles/cmTryCompileExec1014365115.dir/build.make CMakeFiles/cmTryCompileExec1014365115.dir/build
gmake[1]: Entering directory `/root/inception.b/CMakeFiles/CMakeTmp'
/usr/bin/cmake -E cmake_progress_report /root/inception.b/CMakeFiles/CMakeTmp/CMakeFiles 1
Building C object CMakeFiles/cmTryCompileExec1014365115.dir/SIZEOF_INT8.c.o
/usr/bin/cc  -D_FILE_OFFSET_BITS=64 -D_LARGEFILE_SOURCE -D_LARGE_FILES -D__STDC_CONSTANT_MACROS -D__STDC_FORMAT_MACROS -D__STDC_LIMIT_MACROS -Wall    -o CMakeFiles/cmTryCompileExec1014365115.dir/SIZEOF_INT8.c.o   -c /root/inception.b/CMakeFiles/CheckTypeSize/SIZEOF_INT8.c
/root/inception.b/CMakeFiles/CheckTypeSize/SIZEOF_INT8.c:19:22: error: ‘int8’ undeclared here (not in a function)
 #define SIZE (sizeof(int8))
                      ^
/root/inception.b/CMakeFiles/CheckTypeSize/SIZEOF_INT8.c:21:12: note: in expansion of macro ‘SIZE’
   ('0' + ((SIZE / 10000)%10)),
            ^
gmake[1]: *** [CMakeFiles/cmTryCompileExec1014365115.dir/SIZEOF_INT8.c.o] Error 1
gmake[1]: Leaving directory `/root/inception.b/CMakeFiles/CMakeTmp'
gmake: *** [cmTryCompileExec1014365115/fast] Error 2

/root/inception.b/CMakeFiles/CheckTypeSize/SIZEOF_INT8.c:
#include <sys/types.h>
#include <stdint.h>
#include <stddef.h>
#include "stdio.h"
#include "sys/types.h"


#undef KEY
#if defined(__i386)
# define KEY '_','_','i','3','8','6'
#elif defined(__x86_64)
# define KEY '_','_','x','8','6','_','6','4'
#elif defined(__ppc__)
# define KEY '_','_','p','p','c','_','_'
#elif defined(__ppc64__)
# define KEY '_','_','p','p','c','6','4','_','_'
#endif

#define SIZE (sizeof(int8))
char info_size[] =  {'I', 'N', 'F', 'O', ':', 's','i','z','e','[',
  ('0' + ((SIZE / 10000)%10)),
  ('0' + ((SIZE / 1000)%10)),
  ('0' + ((SIZE / 100)%10)),
  ('0' + ((SIZE / 10)%10)),
  ('0' +  (SIZE    % 10)),
  ']',
#ifdef KEY
  ' ','k','e','y','[', KEY, ']',
#endif
  '\0'};

#ifdef __CLASSIC_C__
int main(argc, argv) int argc; char *argv[];
#else
int main(int argc, char *argv[])
#endif
{
  int require = 0;
  require += info_size[argc];
  (void)argv;
  return require;
}


Determining size of uint8 failed with the following output:
Change Dir: /root/inception.b/CMakeFiles/CMakeTmp

Run Build Command:/usr/bin/gmake "cmTryCompileExec3061017649/fast"
/usr/bin/gmake -f CMakeFiles/cmTryCompileExec3061017649.dir/build.make CMakeFiles/cmTryCompileExec3061017649.dir/build
gmake[1]: Entering directory `/root/inception.b/CMakeFiles/CMakeTmp'
/usr/bin/cmake -E cmake_progress_report /root/inception.b/CMakeFiles/CMakeTmp/CMakeFiles 1
Building C object CMakeFiles/cmTryCompileExec3061017649.dir/SIZEOF_UINT8.c.o
/usr/bin/cc  -D_FILE_OFFSET_BITS=64 -D_LARGEFILE_SOURCE -D_LARGE_FILES -D__STDC_CONSTANT_MACROS -D__STDC_FORMAT_MACROS -D__STDC_LIMIT_MACROS -Wall    -o CMakeFiles/cmTryCompileExec3061017649.dir/SIZEOF_UINT8.c.o   -c /root/inception.b/CMakeFiles/CheckTypeSize/SIZEOF_UINT8.c
/root/inception.b/CMakeFiles/CheckTypeSize/SIZEOF_UINT8.c:19:22: error: ‘uint8’ undeclared here (not in a function)
 #define SIZE (sizeof(uint8))
                      ^
/root/inception.b/CMakeFiles/CheckTypeSize/SIZEOF_UINT8.c:21:12: note: in expansion of macro ‘SIZE’
   ('0' + ((SIZE / 10000)%10)),
            ^
gmake[1]: *** [CMakeFiles/cmTryCompileExec3061017649.dir/SIZEOF_UINT8.c.o] Error 1
gmake[1]: Leaving directory `/root/inception.b/CMakeFiles/CMakeTmp'
gmake: *** [cmTryCompileExec3061017649/fast] Error 2

/root/inception.b/CMakeFiles/CheckTypeSize/SIZEOF_UINT8.c:
#include <sys/types.h>
#include <stdint.h>
#include <stddef.h>
#include "stdio.h"
#include "sys/types.h"


#undef KEY
#if defined(__i386)
# define KEY '_','_','i','3','8','6'
#elif defined(__x86_64)
# define KEY '_','_','x','8','6','_','6','4'
#elif defined(__ppc__)
# define KEY '_','_','p','p','c','_','_'
#elif defined(__ppc64__)
# define KEY '_','_','p','p','c','6','4','_','_'
#endif

#define SIZE (sizeof(uint8))
char info_size[] =  {'I', 'N', 'F', 'O', ':', 's','i','z','e','[',
  ('0' + ((SIZE / 10000)%10)),
  ('0' + ((SIZE / 1000)%10)),
  ('0' + ((SIZE / 100)%10)),
  ('0' + ((SIZE / 10)%10)),
  ('0' +  (SIZE    % 10)),
  ']',
#ifdef KEY
  ' ','k','e','y','[', KEY, ']',
#endif
  '\0'};

#ifdef __CLASSIC_C__
int main(argc, argv) int argc; char *argv[];
#else
int main(int argc, char *argv[])
#endif
{
  int require = 0;
  require += info_size[argc];
  (void)argv;
  return require;
}


Determining size of int16 failed with the following output:
Change Dir: /root/inception.b/CMakeFiles/CMakeTmp

Run Build Command:/usr/bin/gmake "cmTryCompileExec2606022528/fast"
/usr/bin/gmake -f CMakeFiles/cmTryCompileExec2606022528.dir/build.make CMakeFiles/cmTryCompileExec2606022528.dir/build
gmake[1]: Entering directory `/root/inception.b/CMakeFiles/CMakeTmp'
/usr/bin/cmake -E cmake_progress_report /root/inception.b/CMakeFiles/CMakeTmp/CMakeFiles 1
Building C object CMakeFiles/cmTryCompileExec2606022528.dir/SIZEOF_INT16.c.o
/usr/bin/cc  -D_FILE_OFFSET_BITS=64 -D_LARGEFILE_SOURCE -D_LARGE_FILES -D__STDC_CONSTANT_MACROS -D__STDC_FORMAT_MACROS -D__STDC_LIMIT_MACROS -Wall    -o CMakeFiles/cmTryCompileExec2606022528.dir/SIZEOF_INT16.c.o   -c /root/inception.b/CMakeFiles/CheckTypeSize/SIZEOF_INT16.c
/root/inception.b/CMakeFiles/CheckTypeSize/SIZEOF_INT16.c:19:22: error: ‘int16’ undeclared here (not in a function)
 #define SIZE (sizeof(int16))
                      ^
/root/inception.b/CMakeFiles/CheckTypeSize/SIZEOF_INT16.c:21:12: note: in expansion of macro ‘SIZE’
   ('0' + ((SIZE / 10000)%10)),
            ^
gmake[1]: *** [CMakeFiles/cmTryCompileExec2606022528.dir/SIZEOF_INT16.c.o] Error 1
gmake[1]: Leaving directory `/root/inception.b/CMakeFiles/CMakeTmp'
gmake: *** [cmTryCompileExec2606022528/fast] Error 2

/root/inception.b/CMakeFiles/CheckTypeSize/SIZEOF_INT16.c:
#include <sys/types.h>
#include <stdint.h>
#include <stddef.h>
#include "stdio.h"
#include "sys/types.h"


#undef KEY
#if defined(__i386)
# define KEY '_','_','i','3','8','6'
#elif defined(__x86_64)
# define KEY '_','_','x','8','6','_','6','4'
#elif defined(__ppc__)
# define KEY '_','_','p','p','c','_','_'
#elif defined(__ppc64__)
# define KEY '_','_','p','p','c','6','4','_','_'
#endif

#define SIZE (sizeof(int16))
char info_size[] =  {'I', 'N', 'F', 'O', ':', 's','i','z','e','[',
  ('0' + ((SIZE / 10000)%10)),
  ('0' + ((SIZE / 1000)%10)),
  ('0' + ((SIZE / 100)%10)),
  ('0' + ((SIZE / 10)%10)),
  ('0' +  (SIZE    % 10)),
  ']',
#ifdef KEY
  ' ','k','e','y','[', KEY, ']',
#endif
  '\0'};

#ifdef __CLASSIC_C__
int main(argc, argv) int argc; char *argv[];
#else
int main(int argc, char *argv[])
#endif
{
  int require = 0;
  require += info_size[argc];
  (void)argv;
  return require;
}


Determining size of uint16 failed with the following output:
Change Dir: /root/inception.b/CMakeFiles/CMakeTmp

Run Build Command:/usr/bin/gmake "cmTryCompileExec1119035312/fast"
/usr/bin/gmake -f CMakeFiles/cmTryCompileExec1119035312.dir/build.make CMakeFiles/cmTryCompileExec1119035312.dir/build
gmake[1]: Entering directory `/root/inception.b/CMakeFiles/CMakeTmp'
/usr/bin/cmake -E cmake_progress_report /root/inception.b/CMakeFiles/CMakeTmp/CMakeFiles 1
Building C object CMakeFiles/cmTryCompileExec1119035312.dir/SIZEOF_UINT16.c.o
/usr/bin/cc  -D_FILE_OFFSET_BITS=64 -D_LARGEFILE_SOURCE -D_LARGE_FILES -D__STDC_CONSTANT_MACROS -D__STDC_FORMAT_MACROS -D__STDC_LIMIT_MACROS -Wall    -o CMakeFiles/cmTryCompileExec1119035312.dir/SIZEOF_UINT16.c.o   -c /root/inception.b/CMakeFiles/CheckTypeSize/SIZEOF_UINT16.c
/root/inception.b/CMakeFiles/CheckTypeSize/SIZEOF_UINT16.c:19:22: error: ‘uint16’ undeclared here (not in a function)
 #define SIZE (sizeof(uint16))
                      ^
/root/inception.b/CMakeFiles/CheckTypeSize/SIZEOF_UINT16.c:21:12: note: in expansion of macro ‘SIZE’
   ('0' + ((SIZE / 10000)%10)),
            ^
gmake[1]: *** [CMakeFiles/cmTryCompileExec1119035312.dir/SIZEOF_UINT16.c.o] Error 1
gmake[1]: Leaving directory `/root/inception.b/CMakeFiles/CMakeTmp'
gmake: *** [cmTryCompileExec1119035312/fast] Error 2

/root/inception.b/CMakeFiles/CheckTypeSize/SIZEOF_UINT16.c:
#include <sys/types.h>
#include <stdint.h>
#include <stddef.h>
#include "stdio.h"
#include "sys/types.h"


#undef KEY
#if defined(__i386)
# define KEY '_','_','i','3','8','6'
#elif defined(__x86_64)
# define KEY '_','_','x','8','6','_','6','4'
#elif defined(__ppc__)
# define KEY '_','_','p','p','c','_','_'
#elif defined(__ppc64__)
# define KEY '_','_','p','p','c','6','4','_','_'
#endif

#define SIZE (sizeof(uint16))
char info_size[] =  {'I', 'N', 'F', 'O', ':', 's','i','z','e','[',
  ('0' + ((SIZE / 10000)%10)),
  ('0' + ((SIZE / 1000)%10)),
  ('0' + ((SIZE / 100)%10)),
  ('0' + ((SIZE / 10)%10)),
  ('0' +  (SIZE    % 10)),
  ']',
#ifdef KEY
  ' ','k','e','y','[', KEY, ']',
#endif
  '\0'};

#ifdef __CLASSIC_C__
int main(argc, argv) int argc; char *argv[];
#else
int main(int argc, char *argv[])
#endif
{
  int require = 0;
  require += info_size[argc];
  (void)argv;
  return require;
}


Determining size of int32 failed with the following output:
Change Dir: /root/inception.b/CMakeFiles/CMakeTmp

Run Build Command:/usr/bin/gmake "cmTryCompileExec2691147810/fast"
/usr/bin/gmake -f CMakeFiles/cmTryCompileExec2691147810.dir/build.make CMakeFiles/cmTryCompileExec2691147810.dir/build
gmake[1]: Entering directory `/root/inception.b/CMakeFiles/CMakeTmp'
/usr/bin/cmake -E cmake_progress_report /root/inception.b/CMakeFiles/CMakeTmp/CMakeFiles 1
Building C object CMakeFiles/cmTryCompileExec2691147810.dir/SIZEOF_INT32.c.o
/usr/bin/cc  -D_FILE_OFFSET_BITS=64 -D_LARGEFILE_SOURCE -D_LARGE_FILES -D__STDC_CONSTANT_MACROS -D__STDC_FORMAT_MACROS -D__STDC_LIMIT_MACROS -Wall    -o CMakeFiles/cmTryCompileExec2691147810.dir/SIZEOF_INT32.c.o   -c /root/inception.b/CMakeFiles/CheckTypeSize/SIZEOF_INT32.c
/root/inception.b/CMakeFiles/CheckTypeSize/SIZEOF_INT32.c:19:22: error: ‘int32’ undeclared here (not in a function)
 #define SIZE (sizeof(int32))
                      ^
/root/inception.b/CMakeFiles/CheckTypeSize/SIZEOF_INT32.c:21:12: note: in expansion of macro ‘SIZE’
   ('0' + ((SIZE / 10000)%10)),
            ^
gmake[1]: *** [CMakeFiles/cmTryCompileExec2691147810.dir/SIZEOF_INT32.c.o] Error 1
gmake[1]: Leaving directory `/root/inception.b/CMakeFiles/CMakeTmp'
gmake: *** [cmTryCompileExec2691147810/fast] Error 2

/root/inception.b/CMakeFiles/CheckTypeSize/SIZEOF_INT32.c:
#include <sys/types.h>
#include <stdint.h>
#include <stddef.h>
#include "stdio.h"
#include "sys/types.h"


#undef KEY
#if defined(__i386)
# define KEY '_','_','i','3','8','6'
#elif defined(__x86_64)
# define KEY '_','_','x','8','6','_','6','4'
#elif defined(__ppc__)
# define KEY '_','_','p','p','c','_','_'
#elif defined(__ppc64__)
# define KEY '_','_','p','p','c','6','4','_','_'
#endif

#define SIZE (sizeof(int32))
char info_size[] =  {'I', 'N', 'F', 'O', ':', 's','i','z','e','[',
  ('0' + ((SIZE / 10000)%10)),
  ('0' + ((SIZE / 1000)%10)),
  ('0' + ((SIZE / 100)%10)),
  ('0' + ((SIZE / 10)%10)),
  ('0' +  (SIZE    % 10)),
  ']',
#ifdef KEY
  ' ','k','e','y','[', KEY, ']',
#endif
  '\0'};

#ifdef __CLASSIC_C__
int main(argc, argv) int argc; char *argv[];
#else
int main(int argc, char *argv[])
#endif
{
  int require = 0;
  require += info_size[argc];
  (void)argv;
  return require;
}


Determining size of uint32 failed with the following output:
Change Dir: /root/inception.b/CMakeFiles/CMakeTmp

Run Build Command:/usr/bin/gmake "cmTryCompileExec2518694775/fast"
/usr/bin/gmake -f CMakeFiles/cmTryCompileExec2518694775.dir/build.make CMakeFiles/cmTryCompileExec2518694775.dir/build
gmake[1]: Entering directory `/root/inception.b/CMakeFiles/CMakeTmp'
/usr/bin/cmake -E cmake_progress_report /root/inception.b/CMakeFiles/CMakeTmp/CMakeFiles 1
Building C object CMakeFiles/cmTryCompileExec2518694775.dir/SIZEOF_UINT32.c.o
/usr/bin/cc  -D_FILE_OFFSET_BITS=64 -D_LARGEFILE_SOURCE -D_LARGE_FILES -D__STDC_CONSTANT_MACROS -D__STDC_FORMAT_MACROS -D__STDC_LIMIT_MACROS -Wall    -o CMakeFiles/cmTryCompileExec2518694775.dir/SIZEOF_UINT32.c.o   -c /root/inception.b/CMakeFiles/CheckTypeSize/SIZEOF_UINT32.c
/root/inception.b/CMakeFiles/CheckTypeSize/SIZEOF_UINT32.c:19:22: error: ‘uint32’ undeclared here (not in a function)
 #define SIZE (sizeof(uint32))
                      ^
/root/inception.b/CMakeFiles/CheckTypeSize/SIZEOF_UINT32.c:21:12: note: in expansion of macro ‘SIZE’
   ('0' + ((SIZE / 10000)%10)),
            ^
gmake[1]: *** [CMakeFiles/cmTryCompileExec2518694775.dir/SIZEOF_UINT32.c.o] Error 1
gmake[1]: Leaving directory `/root/inception.b/CMakeFiles/CMakeTmp'
gmake: *** [cmTryCompileExec2518694775/fast] Error 2

/root/inception.b/CMakeFiles/CheckTypeSize/SIZEOF_UINT32.c:
#include <sys/types.h>
#include <stdint.h>
#include <stddef.h>
#include "stdio.h"
#include "sys/types.h"


#undef KEY
#if defined(__i386)
# define KEY '_','_','i','3','8','6'
#elif defined(__x86_64)
# define KEY '_','_','x','8','6','_','6','4'
#elif defined(__ppc__)
# define KEY '_','_','p','p','c','_','_'
#elif defined(__ppc64__)
# define KEY '_','_','p','p','c','6','4','_','_'
#endif

#define SIZE (sizeof(uint32))
char info_size[] =  {'I', 'N', 'F', 'O', ':', 's','i','z','e','[',
  ('0' + ((SIZE / 10000)%10)),
  ('0' + ((SIZE / 1000)%10)),
  ('0' + ((SIZE / 100)%10)),
  ('0' + ((SIZE / 10)%10)),
  ('0' +  (SIZE    % 10)),
  ']',
#ifdef KEY
  ' ','k','e','y','[', KEY, ']',
#endif
  '\0'};

#ifdef __CLASSIC_C__
int main(argc, argv) int argc; char *argv[];
#else
int main(int argc, char *argv[])
#endif
{
  int require = 0;
  require += info_size[argc];
  (void)argv;
  return require;
}


Determining size of int64 failed with the following output:
Change Dir: /root/inception.b/CMakeFiles/CMakeTmp

Run Build Command:/usr/bin/gmake "cmTryCompileExec2113636583/fast"
/usr/bin/gmake -f CMakeFiles/cmTryCompileExec2113636583.dir/build.make CMakeFiles/cmTryCompileExec2113636583.dir/build
gmake[1]: Entering directory `/root/inception.b/CMakeFiles/CMakeTmp'
/usr/bin/cmake -E cmake_progress_report /root/inception.b/CMakeFiles/CMakeTmp/CMakeFiles 1
Building C object CMakeFiles/cmTryCompileExec2113636583.dir/SIZEOF_INT64.c.o
/usr/bin/cc  -D_FILE_OFFSET_BITS=64 -D_LARGEFILE_SOURCE -D_LARGE_FILES -D__STDC_CONSTANT_MACROS -D__STDC_FORMAT_MACROS -D__STDC_LIMIT_MACROS -Wall    -o CMakeFiles/cmTryCompileExec2113636583.dir/SIZEOF_INT64.c.o   -c /root/inception.b/CMakeFiles/CheckTypeSize/SIZEOF_INT64.c
/root/inception.b/CMakeFiles/CheckTypeSize/SIZEOF_INT64.c:19:22: error: ‘int64’ undeclared here (not in a function)
 #define SIZE (sizeof(int64))
                      ^
/root/inception.b/CMakeFiles/CheckTypeSize/SIZEOF_INT64.c:21:12: note: in expansion of macro ‘SIZE’
   ('0' + ((SIZE / 10000)%10)),
            ^
gmake[1]: *** [CMakeFiles/cmTryCompileExec2113636583.dir/SIZEOF_INT64.c.o] Error 1
gmake[1]: Leaving directory `/root/inception.b/CMakeFiles/CMakeTmp'
gmake: *** [cmTryCompileExec2113636583/fast] Error 2

/root/inception.b/CMakeFiles/CheckTypeSize/SIZEOF_INT64.c:
#include <sys/types.h>
#include <stdint.h>
#include <stddef.h>
#include "stdio.h"
#include "sys/types.h"


#undef KEY
#if defined(__i386)
# define KEY '_','_','i','3','8','6'
#elif defined(__x86_64)
# define KEY '_','_','x','8','6','_','6','4'
#elif defined(__ppc__)
# define KEY '_','_','p','p','c','_','_'
#elif defined(__ppc64__)
# define KEY '_','_','p','p','c','6','4','_','_'
#endif

#define SIZE (sizeof(int64))
char info_size[] =  {'I', 'N', 'F', 'O', ':', 's','i','z','e','[',
  ('0' + ((SIZE / 10000)%10)),
  ('0' + ((SIZE / 1000)%10)),
  ('0' + ((SIZE / 100)%10)),
  ('0' + ((SIZE / 10)%10)),
  ('0' +  (SIZE    % 10)),
  ']',
#ifdef KEY
  ' ','k','e','y','[', KEY, ']',
#endif
  '\0'};

#ifdef __CLASSIC_C__
int main(argc, argv) int argc; char *argv[];
#else
int main(int argc, char *argv[])
#endif
{
  int require = 0;
  require += info_size[argc];
  (void)argv;
  return require;
}


Determining size of uint64 failed with the following output:
Change Dir: /root/inception.b/CMakeFiles/CMakeTmp

Run Build Command:/usr/bin/gmake "cmTryCompileExec4074274172/fast"
/usr/bin/gmake -f CMakeFiles/cmTryCompileExec4074274172.dir/build.make CMakeFiles/cmTryCompileExec4074274172.dir/build
gmake[1]: Entering directory `/root/inception.b/CMakeFiles/CMakeTmp'
/usr/bin/cmake -E cmake_progress_report /root/inception.b/CMakeFiles/CMakeTmp/CMakeFiles 1
Building C object CMakeFiles/cmTryCompileExec4074274172.dir/SIZEOF_UINT64.c.o
/usr/bin/cc  -D_FILE_OFFSET_BITS=64 -D_LARGEFILE_SOURCE -D_LARGE_FILES -D__STDC_CONSTANT_MACROS -D__STDC_FORMAT_MACROS -D__STDC_LIMIT_MACROS -Wall    -o CMakeFiles/cmTryCompileExec4074274172.dir/SIZEOF_UINT64.c.o   -c /root/inception.b/CMakeFiles/CheckTypeSize/SIZEOF_UINT64.c
/root/inception.b/CMakeFiles/CheckTypeSize/SIZEOF_UINT64.c:19:22: error: ‘uint64’ undeclared here (not in a function)
 #define SIZE (sizeof(uint64))
                      ^
/root/inception.b/CMakeFiles/CheckTypeSize/SIZEOF_UINT64.c:21:12: note: in expansion of macro ‘SIZE’
   ('0' + ((SIZE / 10000)%10)),
            ^
gmake[1]: *** [CMakeFiles/cmTryCompileExec4074274172.dir/SIZEOF_UINT64.c.o] Error 1
gmake[1]: Leaving directory `/root/inception.b/CMakeFiles/CMakeTmp'
gmake: *** [cmTryCompileExec4074274172/fast] Error 2

/root/inception.b/CMakeFiles/CheckTypeSize/SIZEOF_UINT64.c:
#include <sys/types.h>
#include <stdint.h>
#include <stddef.h>
#include "stdio.h"
#include "sys/types.h"


#undef KEY
#if defined(__i386)
# define KEY '_','_','i','3','8','6'
#elif defined(__x86_64)
# define KEY '_','_','x','8','6','_','6','4'
#elif defined(__ppc__)
# define KEY '_','_','p','p','c','_','_'
#elif defined(__ppc64__)
# define KEY '_','_','p','p','c','6','4','_','_'
#endif

#define SIZE (sizeof(uint64))
char info_size[] =  {'I', 'N', 'F', 'O', ':', 's','i','z','e','[',
  ('0' + ((SIZE / 10000)%10)),
  ('0' + ((SIZE / 1000)%10)),
  ('0' + ((SIZE / 100)%10)),
  ('0' + ((SIZE / 10)%10)),
  ('0' +  (SIZE    % 10)),
  ']',
#ifdef KEY
  ' ','k','e','y','[', KEY, ']',
#endif
  '\0'};

#ifdef __CLASSIC_C__
int main(argc, argv) int argc; char *argv[];
#else
int main(int argc, char *argv[])
#endif
{
  int require = 0;
  require += info_size[argc];
  (void)argv;
  return require;
}


Determining size of bool failed with the following output:
Change Dir: /root/inception.b/CMakeFiles/CMakeTmp

Run Build Command:/usr/bin/gmake "cmTryCompileExec1350152497/fast"
/usr/bin/gmake -f CMakeFiles/cmTryCompileExec1350152497.dir/build.make CMakeFiles/cmTryCompileExec1350152497.dir/build
gmake[1]: Entering directory `/root/inception.b/CMakeFiles/CMakeTmp'
/usr/bin/cmake -E cmake_progress_report /root/inception.b/CMakeFiles/CMakeTmp/CMakeFiles 1
Building C object CMakeFiles/cmTryCompileExec1350152497.dir/SIZEOF_BOOL.c.o
/usr/bin/cc  -D_FILE_OFFSET_BITS=64 -D_LARGEFILE_SOURCE -D_LARGE_FILES -D__STDC_CONSTANT_MACROS -D__STDC_FORMAT_MACROS -D__STDC_LIMIT_MACROS -Wall    -o CMakeFiles/cmTryCompileExec1350152497.dir/SIZEOF_BOOL.c.o   -c /root/inception.b/CMakeFiles/CheckTypeSize/SIZEOF_BOOL.c
/root/inception.b/CMakeFiles/CheckTypeSize/SIZEOF_BOOL.c:18:22: error: ‘bool’ undeclared here (not in a function)
 #define SIZE (sizeof(bool))
                      ^
/root/inception.b/CMakeFiles/CheckTypeSize/SIZEOF_BOOL.c:20:12: note: in expansion of macro ‘SIZE’
   ('0' + ((SIZE / 10000)%10)),
            ^
gmake[1]: *** [CMakeFiles/cmTryCompileExec1350152497.dir/SIZEOF_BOOL.c.o] Error 1
gmake[1]: Leaving directory `/root/inception.b/CMakeFiles/CMakeTmp'
gmake: *** [cmTryCompileExec1350152497/fast] Error 2

/root/inception.b/CMakeFiles/CheckTypeSize/SIZEOF_BOOL.c:
#include <sys/types.h>
#include <stdint.h>
#include <stddef.h>
#include "sys/types.h"


#undef KEY
#if defined(__i386)
# define KEY '_','_','i','3','8','6'
#elif defined(__x86_64)
# define KEY '_','_','x','8','6','_','6','4'
#elif defined(__ppc__)
# define KEY '_','_','p','p','c','_','_'
#elif defined(__ppc64__)
# define KEY '_','_','p','p','c','6','4','_','_'
#endif

#define SIZE (sizeof(bool))
char info_size[] =  {'I', 'N', 'F', 'O', ':', 's','i','z','e','[',
  ('0' + ((SIZE / 10000)%10)),
  ('0' + ((SIZE / 1000)%10)),
  ('0' + ((SIZE / 100)%10)),
  ('0' + ((SIZE / 10)%10)),
  ('0' +  (SIZE    % 10)),
  ']',
#ifdef KEY
  ' ','k','e','y','[', KEY, ']',
#endif
  '\0'};

#ifdef __CLASSIC_C__
int main(argc, argv) int argc; char *argv[];
#else
int main(int argc, char *argv[])
#endif
{
  int require = 0;
  require += info_size[argc];
  (void)argv;
  return require;
}


Performing C SOURCE FILE Test TIME_T_UNSIGNED failed with the following output:
Change Dir: /root/inception.b/CMakeFiles/CMakeTmp

Run Build Command:/usr/bin/gmake "cmTryCompileExec2051503241/fast"
/usr/bin/gmake -f CMakeFiles/cmTryCompileExec2051503241.dir/build.make CMakeFiles/cmTryCompileExec2051503241.dir/build
gmake[1]: Entering directory `/root/inception.b/CMakeFiles/CMakeTmp'
/usr/bin/cmake -E cmake_progress_report /root/inception.b/CMakeFiles/CMakeTmp/CMakeFiles 1
Building C object CMakeFiles/cmTryCompileExec2051503241.dir/src.c.o
/usr/bin/cc  -D_FILE_OFFSET_BITS=64 -D_LARGEFILE_SOURCE -D_LARGE_FILES -D__STDC_CONSTANT_MACROS -D__STDC_FORMAT_MACROS -D__STDC_LIMIT_MACROS -Wall -DTIME_T_UNSIGNED   -o CMakeFiles/cmTryCompileExec2051503241.dir/src.c.o   -c /root/inception.b/CMakeFiles/CMakeTmp/src.c
/root/inception.b/CMakeFiles/CMakeTmp/src.c: In function ‘main’:
/root/inception.b/CMakeFiles/CMakeTmp/src.c:4:16: error: ‘time_t’ undeclared (first use in this function)
   int array[(((time_t)-1) > 0) ? 1 : -1];
                ^
/root/inception.b/CMakeFiles/CMakeTmp/src.c:4:16: note: each undeclared identifier is reported only once for each function it appears in
/root/inception.b/CMakeFiles/CMakeTmp/src.c:4:7: warning: unused variable ‘array’ [-Wunused-variable]
   int array[(((time_t)-1) > 0) ? 1 : -1];
       ^
gmake[1]: *** [CMakeFiles/cmTryCompileExec2051503241.dir/src.c.o] Error 1
gmake[1]: Leaving directory `/root/inception.b/CMakeFiles/CMakeTmp'
gmake: *** [cmTryCompileExec2051503241/fast] Error 2

Source file was:

int main()
{
  int array[(((time_t)-1) > 0) ? 1 : -1];
  return 0;
}
Performing C SOURCE FILE Test HAVE_TIMESPEC_TS_SEC failed with the following output:
Change Dir: /root/inception.b/CMakeFiles/CMakeTmp

Run Build Command:/usr/bin/gmake "cmTryCompileExec3419048666/fast"
/usr/bin/gmake -f CMakeFiles/cmTryCompileExec3419048666.dir/build.make CMakeFiles/cmTryCompileExec3419048666.dir/build
gmake[1]: Entering directory `/root/inception.b/CMakeFiles/CMakeTmp'
/usr/bin/cmake -E cmake_progress_report /root/inception.b/CMakeFiles/CMakeTmp/CMakeFiles 1
Building C object CMakeFiles/cmTryCompileExec3419048666.dir/src.c.o
/usr/bin/cc  -D_FILE_OFFSET_BITS=64 -D_LARGEFILE_SOURCE -D_LARGE_FILES -D__STDC_CONSTANT_MACROS -D__STDC_FORMAT_MACROS -D__STDC_LIMIT_MACROS -Wall -DHAVE_TIMESPEC_TS_SEC   -o CMakeFiles/cmTryCompileExec3419048666.dir/src.c.o   -c /root/inception.b/CMakeFiles/CMakeTmp/src.c
/root/inception.b/CMakeFiles/CMakeTmp/src.c: In function ‘main’:
/root/inception.b/CMakeFiles/CMakeTmp/src.c:7:10: error: ‘struct timespec’ has no member named ‘ts_sec’
   abstime.ts_sec = time(NULL)+1;
          ^
/root/inception.b/CMakeFiles/CMakeTmp/src.c:8:10: error: ‘struct timespec’ has no member named ‘ts_nsec’
   abstime.ts_nsec = 0;
          ^
/root/inception.b/CMakeFiles/CMakeTmp/src.c:6:19: warning: variable ‘abstime’ set but not used [-Wunused-but-set-variable]
   struct timespec abstime;
                   ^
/root/inception.b/CMakeFiles/CMakeTmp/src.c:9:1: warning: control reaches end of non-void function [-Wreturn-type]
 }
 ^
gmake[1]: *** [CMakeFiles/cmTryCompileExec3419048666.dir/src.c.o] Error 1
gmake[1]: Leaving directory `/root/inception.b/CMakeFiles/CMakeTmp'
gmake: *** [cmTryCompileExec3419048666/fast] Error 2

Source file was:

#include <pthread.h>

int main(int ac, char **av)
{
  struct timespec abstime;
  abstime.ts_sec = time(NULL)+1;
  abstime.ts_nsec = 0;
}

Performing C++ SOURCE FILE Test HAVE_SOLARIS_STYLE_GETHOST failed with the following output:
Change Dir: /root/inception.b/CMakeFiles/CMakeTmp

Run Build Command:/usr/bin/gmake "cmTryCompileExec3894175640/fast"
/usr/bin/gmake -f CMakeFiles/cmTryCompileExec3894175640.dir/build.make CMakeFiles/cmTryCompileExec3894175640.dir/build
gmake[1]: Entering directory `/root/inception.b/CMakeFiles/CMakeTmp'
/usr/bin/cmake -E cmake_progress_report /root/inception.b/CMakeFiles/CMakeTmp/CMakeFiles 1
Building CXX object CMakeFiles/cmTryCompileExec3894175640.dir/src.cxx.o
/usr/bin/c++   -D_FILE_OFFSET_BITS=64 -D_LARGEFILE_SOURCE -D_LARGE_FILES -D__STDC_CONSTANT_MACROS -D__STDC_FORMAT_MACROS -D__STDC_LIMIT_MACROS -Wall -Wno-unused-parameter -DHAVE_SOLARIS_STYLE_GETHOST   -o CMakeFiles/cmTryCompileExec3894175640.dir/src.cxx.o -c /root/inception.b/CMakeFiles/CMakeTmp/src.cxx
/root/inception.b/CMakeFiles/CMakeTmp/src.cxx: In function ‘int main()’:
/root/inception.b/CMakeFiles/CMakeTmp/src.cxx:17:66: error: cannot convert ‘int*’ to ‘hostent**’ for argument ‘7’ to ‘int gethostbyaddr_r(const void*, __socklen_t, int, hostent*, char*, size_t, hostent**, int*)’
           0, 0, (struct hostent *) 0, (char *) NULL,  0, (int *)0);
                                                                  ^
/root/inception.b/CMakeFiles/CMakeTmp/src.cxx:15:24: warning: unused variable ‘foo’ [-Wunused-variable]
        struct hostent *foo =
                        ^
gmake[1]: *** [CMakeFiles/cmTryCompileExec3894175640.dir/src.cxx.o] Error 1
gmake[1]: Leaving directory `/root/inception.b/CMakeFiles/CMakeTmp'
gmake: *** [cmTryCompileExec3894175640/fast] Error 2

Source file was:

    #undef inline
    #if !defined(SCO) && !defined(__osf__) && !defined(_REENTRANT)
    #define _REENTRANT
    #endif
    #include <pthread.h>
    #include <sys/types.h>
    #include <sys/socket.h>
    #include <netinet/in.h>
    #include <arpa/inet.h>
    #include <netdb.h>
    int main()
    {

       struct hostent *foo =
       gethostbyaddr_r((const char *) 0,
          0, 0, (struct hostent *) 0, (char *) NULL,  0, (int *)0);
       return 0;
    }
  
Determining if the include file netinet/in6.h exists failed with the following output:
Change Dir: /root/inception.b/CMakeFiles/CMakeTmp

Run Build Command:/usr/bin/gmake "cmTryCompileExec2494021802/fast"
/usr/bin/gmake -f CMakeFiles/cmTryCompileExec2494021802.dir/build.make CMakeFiles/cmTryCompileExec2494021802.dir/build
gmake[1]: Entering directory `/root/inception.b/CMakeFiles/CMakeTmp'
/usr/bin/cmake -E cmake_progress_report /root/inception.b/CMakeFiles/CMakeTmp/CMakeFiles 1
Building C object CMakeFiles/cmTryCompileExec2494021802.dir/CheckIncludeFile.c.o
/usr/bin/cc  -D_FILE_OFFSET_BITS=64 -D_LARGEFILE_SOURCE -D_LARGE_FILES -D__STDC_CONSTANT_MACROS -D__STDC_FORMAT_MACROS -D__STDC_LIMIT_MACROS -Wall    -o CMakeFiles/cmTryCompileExec2494021802.dir/CheckIncludeFile.c.o   -c /root/inception.b/CMakeFiles/CMakeTmp/CheckIncludeFile.c
/root/inception.b/CMakeFiles/CMakeTmp/CheckIncludeFile.c:1:25: fatal error: netinet/in6.h: No such file or directory
 #include <netinet/in6.h>
                         ^
compilation terminated.
gmake[1]: *** [CMakeFiles/cmTryCompileExec2494021802.dir/CheckIncludeFile.c.o] Error 1
gmake[1]: Leaving directory `/root/inception.b/CMakeFiles/CMakeTmp'
gmake: *** [cmTryCompileExec2494021802/fast] Error 2


Performing C SOURCE FILE Test HAVE_SOCKADDR_IN_SIN_LEN failed with the following output:
Change Dir: /root/inception.b/CMakeFiles/CMakeTmp

Run Build Command:/usr/bin/gmake "cmTryCompileExec1173050402/fast"
/usr/bin/gmake -f CMakeFiles/cmTryCompileExec1173050402.dir/build.make CMakeFiles/cmTryCompileExec1173050402.dir/build
gmake[1]: Entering directory `/root/inception.b/CMakeFiles/CMakeTmp'
/usr/bin/cmake -E cmake_progress_report /root/inception.b/CMakeFiles/CMakeTmp/CMakeFiles 1
Building C object CMakeFiles/cmTryCompileExec1173050402.dir/src.c.o
/usr/bin/cc  -D_FILE_OFFSET_BITS=64 -D_LARGEFILE_SOURCE -D_LARGE_FILES -D__STDC_CONSTANT_MACROS -D__STDC_FORMAT_MACROS -D__STDC_LIMIT_MACROS -Wall -DHAVE_SOCKADDR_IN_SIN_LEN   -o CMakeFiles/cmTryCompileExec1173050402.dir/src.c.o   -c /root/inception.b/CMakeFiles/CMakeTmp/src.c
/root/inception.b/CMakeFiles/CMakeTmp/src.c: In function ‘main’:
/root/inception.b/CMakeFiles/CMakeTmp/src.c:9:7: error: ‘struct sockaddr_in’ has no member named ‘sin_len’
    tmp->sin_len;
       ^
gmake[1]: *** [CMakeFiles/cmTryCompileExec1173050402.dir/src.c.o] Error 1
gmake[1]: Leaving directory `/root/inception.b/CMakeFiles/CMakeTmp'
gmake: *** [cmTryCompileExec1173050402/fast] Error 2

Source file was:

#include <sys/types.h>
#include <netinet/in.h>
#include <sys/socket.h>

int main()
{
   struct sockaddr_in* tmp;
   tmp->sin_len;
  return 0;
}

Performing C SOURCE FILE Test HAVE_SOCKADDR_IN6_SIN6_LEN failed with the following output:
Change Dir: /root/inception.b/CMakeFiles/CMakeTmp

Run Build Command:/usr/bin/gmake "cmTryCompileExec2992647511/fast"
/usr/bin/gmake -f CMakeFiles/cmTryCompileExec2992647511.dir/build.make CMakeFiles/cmTryCompileExec2992647511.dir/build
gmake[1]: Entering directory `/root/inception.b/CMakeFiles/CMakeTmp'
/usr/bin/cmake -E cmake_progress_report /root/inception.b/CMakeFiles/CMakeTmp/CMakeFiles 1
Building C object CMakeFiles/cmTryCompileExec2992647511.dir/src.c.o
/usr/bin/cc  -D_FILE_OFFSET_BITS=64 -D_LARGEFILE_SOURCE -D_LARGE_FILES -D__STDC_CONSTANT_MACROS -D__STDC_FORMAT_MACROS -D__STDC_LIMIT_MACROS -Wall -DHAVE_SOCKADDR_IN6_SIN6_LEN   -o CMakeFiles/cmTryCompileExec2992647511.dir/src.c.o   -c /root/inception.b/CMakeFiles/CMakeTmp/src.c
/root/inception.b/CMakeFiles/CMakeTmp/src.c: In function ‘main’:
/root/inception.b/CMakeFiles/CMakeTmp/src.c:9:7: error: ‘struct sockaddr_in6’ has no member named ‘sin6_len’
    tmp->sin6_len;
       ^
gmake[1]: *** [CMakeFiles/cmTryCompileExec2992647511.dir/src.c.o] Error 1
gmake[1]: Leaving directory `/root/inception.b/CMakeFiles/CMakeTmp'
gmake: *** [cmTryCompileExec2992647511/fast] Error 2

Source file was:

#include <sys/types.h>
#include <netinet/in.h>
#include <sys/socket.h>

int main()
{
   struct sockaddr_in6* tmp;
   tmp->sin6_len;
  return 0;
}

Performing C SOURCE FILE Test STRUCT_DIRENT_HAS_D_NAMLEN failed with the following output:
Change Dir: /root/inception.b/CMakeFiles/CMakeTmp

Run Build Command:/usr/bin/gmake "cmTryCompileExec238611046/fast"
/usr/bin/gmake -f CMakeFiles/cmTryCompileExec238611046.dir/build.make CMakeFiles/cmTryCompileExec238611046.dir/build
gmake[1]: Entering directory `/root/inception.b/CMakeFiles/CMakeTmp'
/usr/bin/cmake -E cmake_progress_report /root/inception.b/CMakeFiles/CMakeTmp/CMakeFiles 1
Building C object CMakeFiles/cmTryCompileExec238611046.dir/src.c.o
/usr/bin/cc  -D_FILE_OFFSET_BITS=64 -D_LARGEFILE_SOURCE -D_LARGE_FILES -D__STDC_CONSTANT_MACROS -D__STDC_FORMAT_MACROS -D__STDC_LIMIT_MACROS -Wall -DSTRUCT_DIRENT_HAS_D_NAMLEN   -o CMakeFiles/cmTryCompileExec238611046.dir/src.c.o   -c /root/inception.b/CMakeFiles/CMakeTmp/src.c
/root/inception.b/CMakeFiles/CMakeTmp/src.c: In function ‘main’:
/root/inception.b/CMakeFiles/CMakeTmp/src.c:7:7: error: ‘struct dirent’ has no member named ‘d_namlen’
    tmp->d_namlen;
       ^
gmake[1]: *** [CMakeFiles/cmTryCompileExec238611046.dir/src.c.o] Error 1
gmake[1]: Leaving directory `/root/inception.b/CMakeFiles/CMakeTmp'
gmake: *** [cmTryCompileExec238611046/fast] Error 2

Source file was:

#include <dirent.h>

int main()
{
   struct dirent* tmp;
   tmp->d_namlen;
  return 0;
}

Determining if the function mbscmp exists failed with the following output:
Change Dir: /root/inception.b/CMakeFiles/CMakeTmp

Run Build Command:/usr/bin/gmake "cmTryCompileExec13936485/fast"
/usr/bin/gmake -f CMakeFiles/cmTryCompileExec13936485.dir/build.make CMakeFiles/cmTryCompileExec13936485.dir/build
gmake[1]: Entering directory `/root/inception.b/CMakeFiles/CMakeTmp'
/usr/bin/cmake -E cmake_progress_report /root/inception.b/CMakeFiles/CMakeTmp/CMakeFiles 1
Building C object CMakeFiles/cmTryCompileExec13936485.dir/CheckFunctionExists.c.o
/usr/bin/cc  -D_FILE_OFFSET_BITS=64 -D_LARGEFILE_SOURCE -D_LARGE_FILES -D__STDC_CONSTANT_MACROS -D__STDC_FORMAT_MACROS -D__STDC_LIMIT_MACROS -Wall -DCHECK_FUNCTION_EXISTS=mbscmp   -o CMakeFiles/cmTryCompileExec13936485.dir/CheckFunctionExists.c.o   -c /usr/share/cmake/Modules/CheckFunctionExists.c
Linking C executable cmTryCompileExec13936485
/usr/bin/cmake -E cmake_link_script CMakeFiles/cmTryCompileExec13936485.dir/link.txt --verbose=1
/usr/bin/cc   -Wall -DCHECK_FUNCTION_EXISTS=mbscmp    CMakeFiles/cmTryCompileExec13936485.dir/CheckFunctionExists.c.o  -o cmTryCompileExec13936485 -rdynamic -lm -lcrypt -ldl -lpthread 
CMakeFiles/cmTryCompileExec13936485.dir/CheckFunctionExists.c.o: In function `main':
CheckFunctionExists.c:(.text+0x15): undefined reference to `mbscmp'
collect2: error: ld returned 1 exit status
gmake[1]: *** [cmTryCompileExec13936485] Error 1
gmake[1]: Leaving directory `/root/inception.b/CMakeFiles/CMakeTmp'
gmake: *** [cmTryCompileExec13936485/fast] Error 2


Determining if the function strvis exists failed with the following output:
Change Dir: /root/inception.b/CMakeFiles/CMakeTmp

Run Build Command:/usr/bin/gmake "cmTryCompileExec1501352951/fast"
/usr/bin/gmake -f CMakeFiles/cmTryCompileExec1501352951.dir/build.make CMakeFiles/cmTryCompileExec1501352951.dir/build
gmake[1]: Entering directory `/root/inception.b/CMakeFiles/CMakeTmp'
/usr/bin/cmake -E cmake_progress_report /root/inception.b/CMakeFiles/CMakeTmp/CMakeFiles 1
Building C object CMakeFiles/cmTryCompileExec1501352951.dir/CheckFunctionExists.c.o
/usr/bin/cc  -D_FILE_OFFSET_BITS=64 -D_LARGEFILE_SOURCE -D_LARGE_FILES -D__STDC_CONSTANT_MACROS -D__STDC_FORMAT_MACROS -D__STDC_LIMIT_MACROS -Wall -DCHECK_FUNCTION_EXISTS=strvis   -o CMakeFiles/cmTryCompileExec1501352951.dir/CheckFunctionExists.c.o   -c /usr/share/cmake/Modules/CheckFunctionExists.c
Linking C executable cmTryCompileExec1501352951
/usr/bin/cmake -E cmake_link_script CMakeFiles/cmTryCompileExec1501352951.dir/link.txt --verbose=1
/usr/bin/cc   -Wall -DCHECK_FUNCTION_EXISTS=strvis    CMakeFiles/cmTryCompileExec1501352951.dir/CheckFunctionExists.c.o  -o cmTryCompileExec1501352951 -rdynamic 
CMakeFiles/cmTryCompileExec1501352951.dir/CheckFunctionExists.c.o: In function `main':
CheckFunctionExists.c:(.text+0x15): undefined reference to `strvis'
collect2: error: ld returned 1 exit status
gmake[1]: *** [cmTryCompileExec1501352951] Error 1
gmake[1]: Leaving directory `/root/inception.b/CMakeFiles/CMakeTmp'
gmake: *** [cmTryCompileExec1501352951/fast] Error 2


Determining if the function strunvis exists failed with the following output:
Change Dir: /root/inception.b/CMakeFiles/CMakeTmp

Run Build Command:/usr/bin/gmake "cmTryCompileExec1498973794/fast"
/usr/bin/gmake -f CMakeFiles/cmTryCompileExec1498973794.dir/build.make CMakeFiles/cmTryCompileExec1498973794.dir/build
gmake[1]: Entering directory `/root/inception.b/CMakeFiles/CMakeTmp'
/usr/bin/cmake -E cmake_progress_report /root/inception.b/CMakeFiles/CMakeTmp/CMakeFiles 1
Building C object CMakeFiles/cmTryCompileExec1498973794.dir/CheckFunctionExists.c.o
/usr/bin/cc  -D_FILE_OFFSET_BITS=64 -D_LARGEFILE_SOURCE -D_LARGE_FILES -D__STDC_CONSTANT_MACROS -D__STDC_FORMAT_MACROS -D__STDC_LIMIT_MACROS -Wall -DCHECK_FUNCTION_EXISTS=strunvis   -o CMakeFiles/cmTryCompileExec1498973794.dir/CheckFunctionExists.c.o   -c /usr/share/cmake/Modules/CheckFunctionExists.c
Linking C executable cmTryCompileExec1498973794
/usr/bin/cmake -E cmake_link_script CMakeFiles/cmTryCompileExec1498973794.dir/link.txt --verbose=1
/usr/bin/cc   -Wall -DCHECK_FUNCTION_EXISTS=strunvis    CMakeFiles/cmTryCompileExec1498973794.dir/CheckFunctionExists.c.o  -o cmTryCompileExec1498973794 -rdynamic 
CMakeFiles/cmTryCompileExec1498973794.dir/CheckFunctionExists.c.o: In function `main':
CheckFunctionExists.c:(.text+0x15): undefined reference to `strunvis'
collect2: error: ld returned 1 exit status
gmake[1]: *** [cmTryCompileExec1498973794] Error 1
gmake[1]: Leaving directory `/root/inception.b/CMakeFiles/CMakeTmp'
gmake: *** [cmTryCompileExec1498973794/fast] Error 2


